****************
Vektoria-Logfile

****************
Error: Didn't found file .\.\..\..\Lib\Emitters\Sandstorm_ver2\Sandstorm_ver2.ve
Error: Loading of file .\..\..\Lib\Emitters\Sandstorm_ver2\Sandstorm_ver2.ve failed
Error: ..\..\Lib\DLLKnackDrive\DRV_Crash5.wav has invalid data chunks
Error: DirectSound: Loading WAV File failed.
Error: Cannot open WAV-File ..\VektoriaDrive\DRV_Motor.wav
Error: DirectSound: Loading WAV File failed.
Error: Cannot open WAV-File ..\VektoriaDrive\DRV_Motor.wav
Error: DirectSound: Loading WAV File failed.
Error: Cannot open WAV-File ..\VektoriaDrive\DRV_Motor.wav
Error: DirectSound: Loading WAV File failed.
Error: Cannot open WAV-File ..\VektoriaDrive\DRV_GearUp.wav
Error: DirectSound: Loading WAV File failed.
Error: Cannot open WAV-File ..\VektoriaDrive\DRV_GearDown.wav
Error: DirectSound: Loading WAV File failed.
Error: Cannot open WAV-File ..\VektoriaDrive\DRV_GearFalse.wav
Error: DirectSound: Loading WAV File failed.
Error: ..\..\Lib\DLLKnackDrive\DRV_Crash5.wav has invalid data chunks
Error: DirectSound: Loading WAV File failed.
Error: Cannot open WAV-File ..\VektoriaDrive\DRV_Motor.wav
Error: DirectSound: Loading WAV File failed.
Error: Cannot open WAV-File ..\VektoriaDrive\DRV_Motor.wav
Error: DirectSound: Loading WAV File failed.
Error: Cannot open WAV-File ..\VektoriaDrive\DRV_Motor.wav
Error: DirectSound: Loading WAV File failed.
Error: Cannot open WAV-File ..\VektoriaDrive\DRV_GearUp.wav
Error: DirectSound: Loading WAV File failed.
Error: Cannot open WAV-File ..\VektoriaDrive\DRV_GearDown.wav
Error: DirectSound: Loading WAV File failed.
Error: Cannot open WAV-File ..\VektoriaDrive\DRV_GearFalse.wav
Error: DirectSound: Loading WAV File failed.
Error: ..\..\Lib\DLLKnackDrive\DRV_Crash5.wav has invalid data chunks
Error: DirectSound: Loading WAV File failed.
Error: Cannot open WAV-File ..\VektoriaDrive\DRV_Motor.wav
Error: DirectSound: Loading WAV File failed.
Error: Cannot open WAV-File ..\VektoriaDrive\DRV_Motor.wav
Error: DirectSound: Loading WAV File failed.
Error: Cannot open WAV-File ..\VektoriaDrive\DRV_Motor.wav
Error: DirectSound: Loading WAV File failed.
Error: Cannot open WAV-File ..\VektoriaDrive\DRV_GearUp.wav
Error: DirectSound: Loading WAV File failed.
Error: Cannot open WAV-File ..\VektoriaDrive\DRV_GearDown.wav
Error: DirectSound: Loading WAV File failed.
Error: Cannot open WAV-File ..\VektoriaDrive\DRV_GearFalse.wav
Error: DirectSound: Loading WAV File failed.
Error: ..\..\Lib\DLLKnackDrive\DRV_Crash5.wav has invalid data chunks
Error: DirectSound: Loading WAV File failed.
Error: Cannot open WAV-File ..\VektoriaDrive\DRV_Motor.wav
Error: DirectSound: Loading WAV File failed.
Error: Cannot open WAV-File ..\VektoriaDrive\DRV_Motor.wav
Error: DirectSound: Loading WAV File failed.
Error: Cannot open WAV-File ..\VektoriaDrive\DRV_Motor.wav
Error: DirectSound: Loading WAV File failed.
Error: Cannot open WAV-File ..\VektoriaDrive\DRV_GearUp.wav
Error: DirectSound: Loading WAV File failed.
Error: Cannot open WAV-File ..\VektoriaDrive\DRV_GearDown.wav
Error: DirectSound: Loading WAV File failed.
Error: Cannot open WAV-File ..\VektoriaDrive\DRV_GearFalse.wav
Error: DirectSound: Loading WAV File failed.
Error: In RenderLight: Light id not found
