  Game.cpp
  c:\program files (x86)\microsoft directx sdk (june 2010)\include\dinput.h: DIRECTINPUT_VERSION undefined. Defaulting to version 0x0800
  HealthBar.cpp
  c:\program files (x86)\microsoft directx sdk (june 2010)\include\dinput.h: DIRECTINPUT_VERSION undefined. Defaulting to version 0x0800
  Kinematics.cpp
  c:\program files (x86)\microsoft directx sdk (june 2010)\include\dinput.h: DIRECTINPUT_VERSION undefined. Defaulting to version 0x0800
  ProgressBar.cpp
  c:\program files (x86)\microsoft directx sdk (june 2010)\include\dinput.h: DIRECTINPUT_VERSION undefined. Defaulting to version 0x0800
  VektoriaApp.cpp
  c:\program files (x86)\microsoft directx sdk (june 2010)\include\dinput.h: DIRECTINPUT_VERSION undefined. Defaulting to version 0x0800
  Code wird generiert...
Vektoria_Debug64.lib(DeviceGameControllers.obj) : warning LNK4099: PDB "Vektoria.pdb" wurde nicht mit "Vektoria_Debug64.lib(DeviceGameControllers.obj)" oder an "C:\Users\Tobias\Documents\GitHub\Offroad-Sim\OffroadDrivingSim\x64\Debug\Vektoria.pdb" gefunden; Objekt wird verkn³pft, als ob keine Debuginformationen vorhanden wõren.
Vektoria_Debug64.lib(DeviceCursor.obj) : warning LNK4099: PDB "Vektoria.pdb" wurde nicht mit "Vektoria_Debug64.lib(DeviceCursor.obj)" oder an "C:\Users\Tobias\Documents\GitHub\Offroad-Sim\OffroadDrivingSim\x64\Debug\Vektoria.pdb" gefunden; Objekt wird verkn³pft, als ob keine Debuginformationen vorhanden wõren.
Vektoria_Debug64.lib(DeviceGameController.obj) : warning LNK4099: PDB "Vektoria.pdb" wurde nicht mit "Vektoria_Debug64.lib(DeviceGameController.obj)" oder an "C:\Users\Tobias\Documents\GitHub\Offroad-Sim\OffroadDrivingSim\x64\Debug\Vektoria.pdb" gefunden; Objekt wird verkn³pft, als ob keine Debuginformationen vorhanden wõren.
Vektoria_Debug64.lib(DeviceKeyboard.obj) : warning LNK4099: PDB "Vektoria.pdb" wurde nicht mit "Vektoria_Debug64.lib(DeviceKeyboard.obj)" oder an "C:\Users\Tobias\Documents\GitHub\Offroad-Sim\OffroadDrivingSim\x64\Debug\Vektoria.pdb" gefunden; Objekt wird verkn³pft, als ob keine Debuginformationen vorhanden wõren.
Vektoria_Debug64.lib(DeviceVRController.obj) : warning LNK4099: PDB "Vektoria.pdb" wurde nicht mit "Vektoria_Debug64.lib(DeviceVRController.obj)" oder an "C:\Users\Tobias\Documents\GitHub\Offroad-Sim\OffroadDrivingSim\x64\Debug\Vektoria.pdb" gefunden; Objekt wird verkn³pft, als ob keine Debuginformationen vorhanden wõren.
Vektoria_Debug64.lib(DeviceVRControllers.obj) : warning LNK4099: PDB "Vektoria.pdb" wurde nicht mit "Vektoria_Debug64.lib(DeviceVRControllers.obj)" oder an "C:\Users\Tobias\Documents\GitHub\Offroad-Sim\OffroadDrivingSim\x64\Debug\Vektoria.pdb" gefunden; Objekt wird verkn³pft, als ob keine Debuginformationen vorhanden wõren.
Vektoria_Debug64.lib(EmitterParticles.obj) : warning LNK4099: PDB "Vektoria.pdb" wurde nicht mit "Vektoria_Debug64.lib(EmitterParticles.obj)" oder an "C:\Users\Tobias\Documents\GitHub\Offroad-Sim\OffroadDrivingSim\x64\Debug\Vektoria.pdb" gefunden; Objekt wird verkn³pft, als ob keine Debuginformationen vorhanden wõren.
Vektoria_Debug64.lib(FileVektoria.obj) : warning LNK4099: PDB "Vektoria.pdb" wurde nicht mit "Vektoria_Debug64.lib(FileVektoria.obj)" oder an "C:\Users\Tobias\Documents\GitHub\Offroad-Sim\OffroadDrivingSim\x64\Debug\Vektoria.pdb" gefunden; Objekt wird verkn³pft, als ob keine Debuginformationen vorhanden wõren.
Vektoria_Debug64.lib(GeoDome.obj) : warning LNK4099: PDB "Vektoria.pdb" wurde nicht mit "Vektoria_Debug64.lib(GeoDome.obj)" oder an "C:\Users\Tobias\Documents\GitHub\Offroad-Sim\OffroadDrivingSim\x64\Debug\Vektoria.pdb" gefunden; Objekt wird verkn³pft, als ob keine Debuginformationen vorhanden wõren.
Vektoria_Debug64.lib(GeoLineList.obj) : warning LNK4099: PDB "Vektoria.pdb" wurde nicht mit "Vektoria_Debug64.lib(GeoLineList.obj)" oder an "C:\Users\Tobias\Documents\GitHub\Offroad-Sim\OffroadDrivingSim\x64\Debug\Vektoria.pdb" gefunden; Objekt wird verkn³pft, als ob keine Debuginformationen vorhanden wõren.
Vektoria_Debug64.lib(GeoPointList.obj) : warning LNK4099: PDB "Vektoria.pdb" wurde nicht mit "Vektoria_Debug64.lib(GeoPointList.obj)" oder an "C:\Users\Tobias\Documents\GitHub\Offroad-Sim\OffroadDrivingSim\x64\Debug\Vektoria.pdb" gefunden; Objekt wird verkn³pft, als ob keine Debuginformationen vorhanden wõren.
Vektoria_Debug64.lib(GeoSphere.obj) : warning LNK4099: PDB "Vektoria.pdb" wurde nicht mit "Vektoria_Debug64.lib(GeoSphere.obj)" oder an "C:\Users\Tobias\Documents\GitHub\Offroad-Sim\OffroadDrivingSim\x64\Debug\Vektoria.pdb" gefunden; Objekt wird verkn³pft, als ob keine Debuginformationen vorhanden wõren.
Vektoria_Debug64.lib(GeoTerrain.obj) : warning LNK4099: PDB "Vektoria.pdb" wurde nicht mit "Vektoria_Debug64.lib(GeoTerrain.obj)" oder an "C:\Users\Tobias\Documents\GitHub\Offroad-Sim\OffroadDrivingSim\x64\Debug\Vektoria.pdb" gefunden; Objekt wird verkn³pft, als ob keine Debuginformationen vorhanden wõren.
Vektoria_Debug64.lib(GeoTerrainCreateHeight.obj) : warning LNK4099: PDB "Vektoria.pdb" wurde nicht mit "Vektoria_Debug64.lib(GeoTerrainCreateHeight.obj)" oder an "C:\Users\Tobias\Documents\GitHub\Offroad-Sim\OffroadDrivingSim\x64\Debug\Vektoria.pdb" gefunden; Objekt wird verkn³pft, als ob keine Debuginformationen vorhanden wõren.
Vektoria_Debug64.lib(GeoTerrains.obj) : warning LNK4099: PDB "Vektoria.pdb" wurde nicht mit "Vektoria_Debug64.lib(GeoTerrains.obj)" oder an "C:\Users\Tobias\Documents\GitHub\Offroad-Sim\OffroadDrivingSim\x64\Debug\Vektoria.pdb" gefunden; Objekt wird verkn³pft, als ob keine Debuginformationen vorhanden wõren.
Vektoria_Debug64.lib(GeoTriangleList.obj) : warning LNK4099: PDB "Vektoria.pdb" wurde nicht mit "Vektoria_Debug64.lib(GeoTriangleList.obj)" oder an "C:\Users\Tobias\Documents\GitHub\Offroad-Sim\OffroadDrivingSim\x64\Debug\Vektoria.pdb" gefunden; Objekt wird verkn³pft, als ob keine Debuginformationen vorhanden wõren.
Vektoria_Debug64.lib(GeoTriangleLists.obj) : warning LNK4099: PDB "Vektoria.pdb" wurde nicht mit "Vektoria_Debug64.lib(GeoTriangleLists.obj)" oder an "C:\Users\Tobias\Documents\GitHub\Offroad-Sim\OffroadDrivingSim\x64\Debug\Vektoria.pdb" gefunden; Objekt wird verkn³pft, als ob keine Debuginformationen vorhanden wõren.
Vektoria_Debug64.lib(GeoTriangleStrip.obj) : warning LNK4099: PDB "Vektoria.pdb" wurde nicht mit "Vektoria_Debug64.lib(GeoTriangleStrip.obj)" oder an "C:\Users\Tobias\Documents\GitHub\Offroad-Sim\OffroadDrivingSim\x64\Debug\Vektoria.pdb" gefunden; Objekt wird verkn³pft, als ob keine Debuginformationen vorhanden wõren.
Vektoria_Debug64.lib(GeoTriangleTable.obj) : warning LNK4099: PDB "Vektoria.pdb" wurde nicht mit "Vektoria_Debug64.lib(GeoTriangleTable.obj)" oder an "C:\Users\Tobias\Documents\GitHub\Offroad-Sim\OffroadDrivingSim\x64\Debug\Vektoria.pdb" gefunden; Objekt wird verkn³pft, als ob keine Debuginformationen vorhanden wõren.
Vektoria_Debug64.lib(GeoTriangleTableIntersects.obj) : warning LNK4099: PDB "Vektoria.pdb" wurde nicht mit "Vektoria_Debug64.lib(GeoTriangleTableIntersects.obj)" oder an "C:\Users\Tobias\Documents\GitHub\Offroad-Sim\OffroadDrivingSim\x64\Debug\Vektoria.pdb" gefunden; Objekt wird verkn³pft, als ob keine Debuginformationen vorhanden wõren.
Vektoria_Debug64.lib(GeoWall.obj) : warning LNK4099: PDB "Vektoria.pdb" wurde nicht mit "Vektoria_Debug64.lib(GeoWall.obj)" oder an "C:\Users\Tobias\Documents\GitHub\Offroad-Sim\OffroadDrivingSim\x64\Debug\Vektoria.pdb" gefunden; Objekt wird verkn³pft, als ob keine Debuginformationen vorhanden wõren.
Vektoria_Debug64.lib(GeoWalls.obj) : warning LNK4099: PDB "Vektoria.pdb" wurde nicht mit "Vektoria_Debug64.lib(GeoWalls.obj)" oder an "C:\Users\Tobias\Documents\GitHub\Offroad-Sim\OffroadDrivingSim\x64\Debug\Vektoria.pdb" gefunden; Objekt wird verkn³pft, als ob keine Debuginformationen vorhanden wõren.
Vektoria_Debug64.lib(GeoWindow.obj) : warning LNK4099: PDB "Vektoria.pdb" wurde nicht mit "Vektoria_Debug64.lib(GeoWindow.obj)" oder an "C:\Users\Tobias\Documents\GitHub\Offroad-Sim\OffroadDrivingSim\x64\Debug\Vektoria.pdb" gefunden; Objekt wird verkn³pft, als ob keine Debuginformationen vorhanden wõren.
Vektoria_Debug64.lib(GeoWindowInstance.obj) : warning LNK4099: PDB "Vektoria.pdb" wurde nicht mit "Vektoria_Debug64.lib(GeoWindowInstance.obj)" oder an "C:\Users\Tobias\Documents\GitHub\Offroad-Sim\OffroadDrivingSim\x64\Debug\Vektoria.pdb" gefunden; Objekt wird verkn³pft, als ob keine Debuginformationen vorhanden wõren.
Vektoria_Debug64.lib(GeoWindowInstances.obj) : warning LNK4099: PDB "Vektoria.pdb" wurde nicht mit "Vektoria_Debug64.lib(GeoWindowInstances.obj)" oder an "C:\Users\Tobias\Documents\GitHub\Offroad-Sim\OffroadDrivingSim\x64\Debug\Vektoria.pdb" gefunden; Objekt wird verkn³pft, als ob keine Debuginformationen vorhanden wõren.
Vektoria_Debug64.lib(GeoWing.obj) : warning LNK4099: PDB "Vektoria.pdb" wurde nicht mit "Vektoria_Debug64.lib(GeoWing.obj)" oder an "C:\Users\Tobias\Documents\GitHub\Offroad-Sim\OffroadDrivingSim\x64\Debug\Vektoria.pdb" gefunden; Objekt wird verkn³pft, als ob keine Debuginformationen vorhanden wõren.
Vektoria_Debug64.lib(GeoWings.obj) : warning LNK4099: PDB "Vektoria.pdb" wurde nicht mit "Vektoria_Debug64.lib(GeoWings.obj)" oder an "C:\Users\Tobias\Documents\GitHub\Offroad-Sim\OffroadDrivingSim\x64\Debug\Vektoria.pdb" gefunden; Objekt wird verkn³pft, als ob keine Debuginformationen vorhanden wõren.
Vektoria_Debug64.lib(HitPoint.obj) : warning LNK4099: PDB "Vektoria.pdb" wurde nicht mit "Vektoria_Debug64.lib(HitPoint.obj)" oder an "C:\Users\Tobias\Documents\GitHub\Offroad-Sim\OffroadDrivingSim\x64\Debug\Vektoria.pdb" gefunden; Objekt wird verkn³pft, als ob keine Debuginformationen vorhanden wõren.
Vektoria_Debug64.lib(HitPoints.obj) : warning LNK4099: PDB "Vektoria.pdb" wurde nicht mit "Vektoria_Debug64.lib(HitPoints.obj)" oder an "C:\Users\Tobias\Documents\GitHub\Offroad-Sim\OffroadDrivingSim\x64\Debug\Vektoria.pdb" gefunden; Objekt wird verkn³pft, als ob keine Debuginformationen vorhanden wõren.
Vektoria_Debug64.lib(LightParallel.obj) : warning LNK4099: PDB "Vektoria.pdb" wurde nicht mit "Vektoria_Debug64.lib(LightParallel.obj)" oder an "C:\Users\Tobias\Documents\GitHub\Offroad-Sim\OffroadDrivingSim\x64\Debug\Vektoria.pdb" gefunden; Objekt wird verkn³pft, als ob keine Debuginformationen vorhanden wõren.
Vektoria_Debug64.lib(LightParallels.obj) : warning LNK4099: PDB "Vektoria.pdb" wurde nicht mit "Vektoria_Debug64.lib(LightParallels.obj)" oder an "C:\Users\Tobias\Documents\GitHub\Offroad-Sim\OffroadDrivingSim\x64\Debug\Vektoria.pdb" gefunden; Objekt wird verkn³pft, als ob keine Debuginformationen vorhanden wõren.
Vektoria_Debug64.lib(LightRadial.obj) : warning LNK4099: PDB "Vektoria.pdb" wurde nicht mit "Vektoria_Debug64.lib(LightRadial.obj)" oder an "C:\Users\Tobias\Documents\GitHub\Offroad-Sim\OffroadDrivingSim\x64\Debug\Vektoria.pdb" gefunden; Objekt wird verkn³pft, als ob keine Debuginformationen vorhanden wõren.
Vektoria_Debug64.lib(LightRadials.obj) : warning LNK4099: PDB "Vektoria.pdb" wurde nicht mit "Vektoria_Debug64.lib(LightRadials.obj)" oder an "C:\Users\Tobias\Documents\GitHub\Offroad-Sim\OffroadDrivingSim\x64\Debug\Vektoria.pdb" gefunden; Objekt wird verkn³pft, als ob keine Debuginformationen vorhanden wõren.
Vektoria_Debug64.lib(LightSpot.obj) : warning LNK4099: PDB "Vektoria.pdb" wurde nicht mit "Vektoria_Debug64.lib(LightSpot.obj)" oder an "C:\Users\Tobias\Documents\GitHub\Offroad-Sim\OffroadDrivingSim\x64\Debug\Vektoria.pdb" gefunden; Objekt wird verkn³pft, als ob keine Debuginformationen vorhanden wõren.
Vektoria_Debug64.lib(LightSpots.obj) : warning LNK4099: PDB "Vektoria.pdb" wurde nicht mit "Vektoria_Debug64.lib(LightSpots.obj)" oder an "C:\Users\Tobias\Documents\GitHub\Offroad-Sim\OffroadDrivingSim\x64\Debug\Vektoria.pdb" gefunden; Objekt wird verkn³pft, als ob keine Debuginformationen vorhanden wõren.
Vektoria_Debug64.lib(Node3D.obj) : warning LNK4099: PDB "Vektoria.pdb" wurde nicht mit "Vektoria_Debug64.lib(Node3D.obj)" oder an "C:\Users\Tobias\Documents\GitHub\Offroad-Sim\OffroadDrivingSim\x64\Debug\Vektoria.pdb" gefunden; Objekt wird verkn³pft, als ob keine Debuginformationen vorhanden wõren.
Vektoria_Debug64.lib(NodeInstance.obj) : warning LNK4099: PDB "Vektoria.pdb" wurde nicht mit "Vektoria_Debug64.lib(NodeInstance.obj)" oder an "C:\Users\Tobias\Documents\GitHub\Offroad-Sim\OffroadDrivingSim\x64\Debug\Vektoria.pdb" gefunden; Objekt wird verkn³pft, als ob keine Debuginformationen vorhanden wõren.
Vektoria_Debug64.lib(Octree.obj) : warning LNK4099: PDB "Vektoria.pdb" wurde nicht mit "Vektoria_Debug64.lib(Octree.obj)" oder an "C:\Users\Tobias\Documents\GitHub\Offroad-Sim\OffroadDrivingSim\x64\Debug\Vektoria.pdb" gefunden; Objekt wird verkn³pft, als ob keine Debuginformationen vorhanden wõren.
Vektoria_Debug64.lib(PlacementPhysics.obj) : warning LNK4099: PDB "Vektoria.pdb" wurde nicht mit "Vektoria_Debug64.lib(PlacementPhysics.obj)" oder an "C:\Users\Tobias\Documents\GitHub\Offroad-Sim\OffroadDrivingSim\x64\Debug\Vektoria.pdb" gefunden; Objekt wird verkn³pft, als ob keine Debuginformationen vorhanden wõren.
Vektoria_Debug64.lib(RootGlobals.obj) : warning LNK4099: PDB "Vektoria.pdb" wurde nicht mit "Vektoria_Debug64.lib(RootGlobals.obj)" oder an "C:\Users\Tobias\Documents\GitHub\Offroad-Sim\OffroadDrivingSim\x64\Debug\Vektoria.pdb" gefunden; Objekt wird verkn³pft, als ob keine Debuginformationen vorhanden wõren.
Vektoria_Debug64.lib(ScenePhysics.obj) : warning LNK4099: PDB "Vektoria.pdb" wurde nicht mit "Vektoria_Debug64.lib(ScenePhysics.obj)" oder an "C:\Users\Tobias\Documents\GitHub\Offroad-Sim\OffroadDrivingSim\x64\Debug\Vektoria.pdb" gefunden; Objekt wird verkn³pft, als ob keine Debuginformationen vorhanden wõren.
Vektoria_Debug64.lib(SceneWeather.obj) : warning LNK4099: PDB "Vektoria.pdb" wurde nicht mit "Vektoria_Debug64.lib(SceneWeather.obj)" oder an "C:\Users\Tobias\Documents\GitHub\Offroad-Sim\OffroadDrivingSim\x64\Debug\Vektoria.pdb" gefunden; Objekt wird verkn³pft, als ob keine Debuginformationen vorhanden wõren.
Vektoria_Debug64.lib(Splash.obj) : warning LNK4099: PDB "Vektoria.pdb" wurde nicht mit "Vektoria_Debug64.lib(Splash.obj)" oder an "C:\Users\Tobias\Documents\GitHub\Offroad-Sim\OffroadDrivingSim\x64\Debug\Vektoria.pdb" gefunden; Objekt wird verkn³pft, als ob keine Debuginformationen vorhanden wõren.
Vektoria_Debug64.lib(Sprite.obj) : warning LNK4099: PDB "Vektoria.pdb" wurde nicht mit "Vektoria_Debug64.lib(Sprite.obj)" oder an "C:\Users\Tobias\Documents\GitHub\Offroad-Sim\OffroadDrivingSim\x64\Debug\Vektoria.pdb" gefunden; Objekt wird verkn³pft, als ob keine Debuginformationen vorhanden wõren.
Vektoria_Debug64.lib(Timer.obj) : warning LNK4099: PDB "Vektoria.pdb" wurde nicht mit "Vektoria_Debug64.lib(Timer.obj)" oder an "C:\Users\Tobias\Documents\GitHub\Offroad-Sim\OffroadDrivingSim\x64\Debug\Vektoria.pdb" gefunden; Objekt wird verkn³pft, als ob keine Debuginformationen vorhanden wõren.
Vektoria_Debug64.lib(Audio.obj) : warning LNK4099: PDB "Vektoria.pdb" wurde nicht mit "Vektoria_Debug64.lib(Audio.obj)" oder an "C:\Users\Tobias\Documents\GitHub\Offroad-Sim\OffroadDrivingSim\x64\Debug\Vektoria.pdb" gefunden; Objekt wird verkn³pft, als ob keine Debuginformationen vorhanden wõren.
Vektoria_Debug64.lib(Audios.obj) : warning LNK4099: PDB "Vektoria.pdb" wurde nicht mit "Vektoria_Debug64.lib(Audios.obj)" oder an "C:\Users\Tobias\Documents\GitHub\Offroad-Sim\OffroadDrivingSim\x64\Debug\Vektoria.pdb" gefunden; Objekt wird verkn³pft, als ob keine Debuginformationen vorhanden wõren.
Vektoria_Debug64.lib(Background.obj) : warning LNK4099: PDB "Vektoria.pdb" wurde nicht mit "Vektoria_Debug64.lib(Background.obj)" oder an "C:\Users\Tobias\Documents\GitHub\Offroad-Sim\OffroadDrivingSim\x64\Debug\Vektoria.pdb" gefunden; Objekt wird verkn³pft, als ob keine Debuginformationen vorhanden wõren.
Vektoria_Debug64.lib(Backgrounds.obj) : warning LNK4099: PDB "Vektoria.pdb" wurde nicht mit "Vektoria_Debug64.lib(Backgrounds.obj)" oder an "C:\Users\Tobias\Documents\GitHub\Offroad-Sim\OffroadDrivingSim\x64\Debug\Vektoria.pdb" gefunden; Objekt wird verkn³pft, als ob keine Debuginformationen vorhanden wõren.
Vektoria_Debug64.lib(Camera.obj) : warning LNK4099: PDB "Vektoria.pdb" wurde nicht mit "Vektoria_Debug64.lib(Camera.obj)" oder an "C:\Users\Tobias\Documents\GitHub\Offroad-Sim\OffroadDrivingSim\x64\Debug\Vektoria.pdb" gefunden; Objekt wird verkn³pft, als ob keine Debuginformationen vorhanden wõren.
Vektoria_Debug64.lib(Cameras.obj) : warning LNK4099: PDB "Vektoria.pdb" wurde nicht mit "Vektoria_Debug64.lib(Cameras.obj)" oder an "C:\Users\Tobias\Documents\GitHub\Offroad-Sim\OffroadDrivingSim\x64\Debug\Vektoria.pdb" gefunden; Objekt wird verkn³pft, als ob keine Debuginformationen vorhanden wõren.
Vektoria_Debug64.lib(Emitter.obj) : warning LNK4099: PDB "Vektoria.pdb" wurde nicht mit "Vektoria_Debug64.lib(Emitter.obj)" oder an "C:\Users\Tobias\Documents\GitHub\Offroad-Sim\OffroadDrivingSim\x64\Debug\Vektoria.pdb" gefunden; Objekt wird verkn³pft, als ob keine Debuginformationen vorhanden wõren.
Vektoria_Debug64.lib(Emitters.obj) : warning LNK4099: PDB "Vektoria.pdb" wurde nicht mit "Vektoria_Debug64.lib(Emitters.obj)" oder an "C:\Users\Tobias\Documents\GitHub\Offroad-Sim\OffroadDrivingSim\x64\Debug\Vektoria.pdb" gefunden; Objekt wird verkn³pft, als ob keine Debuginformationen vorhanden wõren.
Vektoria_Debug64.lib(Face.obj) : warning LNK4099: PDB "Vektoria.pdb" wurde nicht mit "Vektoria_Debug64.lib(Face.obj)" oder an "C:\Users\Tobias\Documents\GitHub\Offroad-Sim\OffroadDrivingSim\x64\Debug\Vektoria.pdb" gefunden; Objekt wird verkn³pft, als ob keine Debuginformationen vorhanden wõren.
Vektoria_Debug64.lib(Faces.obj) : warning LNK4099: PDB "Vektoria.pdb" wurde nicht mit "Vektoria_Debug64.lib(Faces.obj)" oder an "C:\Users\Tobias\Documents\GitHub\Offroad-Sim\OffroadDrivingSim\x64\Debug\Vektoria.pdb" gefunden; Objekt wird verkn³pft, als ob keine Debuginformationen vorhanden wõren.
Vektoria_Debug64.lib(Frame.obj) : warning LNK4099: PDB "Vektoria.pdb" wurde nicht mit "Vektoria_Debug64.lib(Frame.obj)" oder an "C:\Users\Tobias\Documents\GitHub\Offroad-Sim\OffroadDrivingSim\x64\Debug\Vektoria.pdb" gefunden; Objekt wird verkn³pft, als ob keine Debuginformationen vorhanden wõren.
Vektoria_Debug64.lib(Frames.obj) : warning LNK4099: PDB "Vektoria.pdb" wurde nicht mit "Vektoria_Debug64.lib(Frames.obj)" oder an "C:\Users\Tobias\Documents\GitHub\Offroad-Sim\OffroadDrivingSim\x64\Debug\Vektoria.pdb" gefunden; Objekt wird verkn³pft, als ob keine Debuginformationen vorhanden wõren.
Vektoria_Debug64.lib(Geo.obj) : warning LNK4099: PDB "Vektoria.pdb" wurde nicht mit "Vektoria_Debug64.lib(Geo.obj)" oder an "C:\Users\Tobias\Documents\GitHub\Offroad-Sim\OffroadDrivingSim\x64\Debug\Vektoria.pdb" gefunden; Objekt wird verkn³pft, als ob keine Debuginformationen vorhanden wõren.
Vektoria_Debug64.lib(GeoCylinder.obj) : warning LNK4099: PDB "Vektoria.pdb" wurde nicht mit "Vektoria_Debug64.lib(GeoCylinder.obj)" oder an "C:\Users\Tobias\Documents\GitHub\Offroad-Sim\OffroadDrivingSim\x64\Debug\Vektoria.pdb" gefunden; Objekt wird verkn³pft, als ob keine Debuginformationen vorhanden wõren.
Vektoria_Debug64.lib(GeoEllipsoid.obj) : warning LNK4099: PDB "Vektoria.pdb" wurde nicht mit "Vektoria_Debug64.lib(GeoEllipsoid.obj)" oder an "C:\Users\Tobias\Documents\GitHub\Offroad-Sim\OffroadDrivingSim\x64\Debug\Vektoria.pdb" gefunden; Objekt wird verkn³pft, als ob keine Debuginformationen vorhanden wõren.
Vektoria_Debug64.lib(GeoQuad.obj) : warning LNK4099: PDB "Vektoria.pdb" wurde nicht mit "Vektoria_Debug64.lib(GeoQuad.obj)" oder an "C:\Users\Tobias\Documents\GitHub\Offroad-Sim\OffroadDrivingSim\x64\Debug\Vektoria.pdb" gefunden; Objekt wird verkn³pft, als ob keine Debuginformationen vorhanden wõren.
Vektoria_Debug64.lib(Geos.obj) : warning LNK4099: PDB "Vektoria.pdb" wurde nicht mit "Vektoria_Debug64.lib(Geos.obj)" oder an "C:\Users\Tobias\Documents\GitHub\Offroad-Sim\OffroadDrivingSim\x64\Debug\Vektoria.pdb" gefunden; Objekt wird verkn³pft, als ob keine Debuginformationen vorhanden wõren.
Vektoria_Debug64.lib(GeoSweep.obj) : warning LNK4099: PDB "Vektoria.pdb" wurde nicht mit "Vektoria_Debug64.lib(GeoSweep.obj)" oder an "C:\Users\Tobias\Documents\GitHub\Offroad-Sim\OffroadDrivingSim\x64\Debug\Vektoria.pdb" gefunden; Objekt wird verkn³pft, als ob keine Debuginformationen vorhanden wõren.
Vektoria_Debug64.lib(Hardware.obj) : warning LNK4099: PDB "Vektoria.pdb" wurde nicht mit "Vektoria_Debug64.lib(Hardware.obj)" oder an "C:\Users\Tobias\Documents\GitHub\Offroad-Sim\OffroadDrivingSim\x64\Debug\Vektoria.pdb" gefunden; Objekt wird verkn³pft, als ob keine Debuginformationen vorhanden wõren.
Vektoria_Debug64.lib(Hardwares.obj) : warning LNK4099: PDB "Vektoria.pdb" wurde nicht mit "Vektoria_Debug64.lib(Hardwares.obj)" oder an "C:\Users\Tobias\Documents\GitHub\Offroad-Sim\OffroadDrivingSim\x64\Debug\Vektoria.pdb" gefunden; Objekt wird verkn³pft, als ob keine Debuginformationen vorhanden wõren.
Vektoria_Debug64.lib(Image.obj) : warning LNK4099: PDB "Vektoria.pdb" wurde nicht mit "Vektoria_Debug64.lib(Image.obj)" oder an "C:\Users\Tobias\Documents\GitHub\Offroad-Sim\OffroadDrivingSim\x64\Debug\Vektoria.pdb" gefunden; Objekt wird verkn³pft, als ob keine Debuginformationen vorhanden wõren.
Vektoria_Debug64.lib(Light.obj) : warning LNK4099: PDB "Vektoria.pdb" wurde nicht mit "Vektoria_Debug64.lib(Light.obj)" oder an "C:\Users\Tobias\Documents\GitHub\Offroad-Sim\OffroadDrivingSim\x64\Debug\Vektoria.pdb" gefunden; Objekt wird verkn³pft, als ob keine Debuginformationen vorhanden wõren.
Vektoria_Debug64.lib(Material.obj) : warning LNK4099: PDB "Vektoria.pdb" wurde nicht mit "Vektoria_Debug64.lib(Material.obj)" oder an "C:\Users\Tobias\Documents\GitHub\Offroad-Sim\OffroadDrivingSim\x64\Debug\Vektoria.pdb" gefunden; Objekt wird verkn³pft, als ob keine Debuginformationen vorhanden wõren.
Vektoria_Debug64.lib(Materials.obj) : warning LNK4099: PDB "Vektoria.pdb" wurde nicht mit "Vektoria_Debug64.lib(Materials.obj)" oder an "C:\Users\Tobias\Documents\GitHub\Offroad-Sim\OffroadDrivingSim\x64\Debug\Vektoria.pdb" gefunden; Objekt wird verkn³pft, als ob keine Debuginformationen vorhanden wõren.
Vektoria_Debug64.lib(Nodes.obj) : warning LNK4099: PDB "Vektoria.pdb" wurde nicht mit "Vektoria_Debug64.lib(Nodes.obj)" oder an "C:\Users\Tobias\Documents\GitHub\Offroad-Sim\OffroadDrivingSim\x64\Debug\Vektoria.pdb" gefunden; Objekt wird verkn³pft, als ob keine Debuginformationen vorhanden wõren.
Vektoria_Debug64.lib(Overlay.obj) : warning LNK4099: PDB "Vektoria.pdb" wurde nicht mit "Vektoria_Debug64.lib(Overlay.obj)" oder an "C:\Users\Tobias\Documents\GitHub\Offroad-Sim\OffroadDrivingSim\x64\Debug\Vektoria.pdb" gefunden; Objekt wird verkn³pft, als ob keine Debuginformationen vorhanden wõren.
Vektoria_Debug64.lib(Overlays.obj) : warning LNK4099: PDB "Vektoria.pdb" wurde nicht mit "Vektoria_Debug64.lib(Overlays.obj)" oder an "C:\Users\Tobias\Documents\GitHub\Offroad-Sim\OffroadDrivingSim\x64\Debug\Vektoria.pdb" gefunden; Objekt wird verkn³pft, als ob keine Debuginformationen vorhanden wõren.
Vektoria_Debug64.lib(Placement.obj) : warning LNK4099: PDB "Vektoria.pdb" wurde nicht mit "Vektoria_Debug64.lib(Placement.obj)" oder an "C:\Users\Tobias\Documents\GitHub\Offroad-Sim\OffroadDrivingSim\x64\Debug\Vektoria.pdb" gefunden; Objekt wird verkn³pft, als ob keine Debuginformationen vorhanden wõren.
Vektoria_Debug64.lib(Placements.obj) : warning LNK4099: PDB "Vektoria.pdb" wurde nicht mit "Vektoria_Debug64.lib(Placements.obj)" oder an "C:\Users\Tobias\Documents\GitHub\Offroad-Sim\OffroadDrivingSim\x64\Debug\Vektoria.pdb" gefunden; Objekt wird verkn³pft, als ob keine Debuginformationen vorhanden wõren.
Vektoria_Debug64.lib(Root.obj) : warning LNK4099: PDB "Vektoria.pdb" wurde nicht mit "Vektoria_Debug64.lib(Root.obj)" oder an "C:\Users\Tobias\Documents\GitHub\Offroad-Sim\OffroadDrivingSim\x64\Debug\Vektoria.pdb" gefunden; Objekt wird verkn³pft, als ob keine Debuginformationen vorhanden wõren.
Vektoria_Debug64.lib(Scene.obj) : warning LNK4099: PDB "Vektoria.pdb" wurde nicht mit "Vektoria_Debug64.lib(Scene.obj)" oder an "C:\Users\Tobias\Documents\GitHub\Offroad-Sim\OffroadDrivingSim\x64\Debug\Vektoria.pdb" gefunden; Objekt wird verkn³pft, als ob keine Debuginformationen vorhanden wõren.
Vektoria_Debug64.lib(Scenes.obj) : warning LNK4099: PDB "Vektoria.pdb" wurde nicht mit "Vektoria_Debug64.lib(Scenes.obj)" oder an "C:\Users\Tobias\Documents\GitHub\Offroad-Sim\OffroadDrivingSim\x64\Debug\Vektoria.pdb" gefunden; Objekt wird verkn³pft, als ob keine Debuginformationen vorhanden wõren.
Vektoria_Debug64.lib(Texture.obj) : warning LNK4099: PDB "Vektoria.pdb" wurde nicht mit "Vektoria_Debug64.lib(Texture.obj)" oder an "C:\Users\Tobias\Documents\GitHub\Offroad-Sim\OffroadDrivingSim\x64\Debug\Vektoria.pdb" gefunden; Objekt wird verkn³pft, als ob keine Debuginformationen vorhanden wõren.
Vektoria_Debug64.lib(UtilLogFile.obj) : warning LNK4099: PDB "Vektoria.pdb" wurde nicht mit "Vektoria_Debug64.lib(UtilLogFile.obj)" oder an "C:\Users\Tobias\Documents\GitHub\Offroad-Sim\OffroadDrivingSim\x64\Debug\Vektoria.pdb" gefunden; Objekt wird verkn³pft, als ob keine Debuginformationen vorhanden wõren.
Vektoria_Debug64.lib(Vertex.obj) : warning LNK4099: PDB "Vektoria.pdb" wurde nicht mit "Vektoria_Debug64.lib(Vertex.obj)" oder an "C:\Users\Tobias\Documents\GitHub\Offroad-Sim\OffroadDrivingSim\x64\Debug\Vektoria.pdb" gefunden; Objekt wird verkn³pft, als ob keine Debuginformationen vorhanden wõren.
Vektoria_Debug64.lib(Vertexs.obj) : warning LNK4099: PDB "Vektoria.pdb" wurde nicht mit "Vektoria_Debug64.lib(Vertexs.obj)" oder an "C:\Users\Tobias\Documents\GitHub\Offroad-Sim\OffroadDrivingSim\x64\Debug\Vektoria.pdb" gefunden; Objekt wird verkn³pft, als ob keine Debuginformationen vorhanden wõren.
Vektoria_Debug64.lib(Viewport.obj) : warning LNK4099: PDB "Vektoria.pdb" wurde nicht mit "Vektoria_Debug64.lib(Viewport.obj)" oder an "C:\Users\Tobias\Documents\GitHub\Offroad-Sim\OffroadDrivingSim\x64\Debug\Vektoria.pdb" gefunden; Objekt wird verkn³pft, als ob keine Debuginformationen vorhanden wõren.
Vektoria_Debug64.lib(Viewports.obj) : warning LNK4099: PDB "Vektoria.pdb" wurde nicht mit "Vektoria_Debug64.lib(Viewports.obj)" oder an "C:\Users\Tobias\Documents\GitHub\Offroad-Sim\OffroadDrivingSim\x64\Debug\Vektoria.pdb" gefunden; Objekt wird verkn³pft, als ob keine Debuginformationen vorhanden wõren.
Vektoria_Debug64.lib(Node.obj) : warning LNK4099: PDB "Vektoria.pdb" wurde nicht mit "Vektoria_Debug64.lib(Node.obj)" oder an "C:\Users\Tobias\Documents\GitHub\Offroad-Sim\OffroadDrivingSim\x64\Debug\Vektoria.pdb" gefunden; Objekt wird verkn³pft, als ob keine Debuginformationen vorhanden wõren.
Vektoria_Debug64.lib(Wribel.obj) : warning LNK4099: PDB "Vektoria.pdb" wurde nicht mit "Vektoria_Debug64.lib(Wribel.obj)" oder an "C:\Users\Tobias\Documents\GitHub\Offroad-Sim\OffroadDrivingSim\x64\Debug\Vektoria.pdb" gefunden; Objekt wird verkn³pft, als ob keine Debuginformationen vorhanden wõren.
Vektoria_Debug64.lib(Wribels.obj) : warning LNK4099: PDB "Vektoria.pdb" wurde nicht mit "Vektoria_Debug64.lib(Wribels.obj)" oder an "C:\Users\Tobias\Documents\GitHub\Offroad-Sim\OffroadDrivingSim\x64\Debug\Vektoria.pdb" gefunden; Objekt wird verkn³pft, als ob keine Debuginformationen vorhanden wõren.
Vektoria_Debug64.lib(Writing.obj) : warning LNK4099: PDB "Vektoria.pdb" wurde nicht mit "Vektoria_Debug64.lib(Writing.obj)" oder an "C:\Users\Tobias\Documents\GitHub\Offroad-Sim\OffroadDrivingSim\x64\Debug\Vektoria.pdb" gefunden; Objekt wird verkn³pft, als ob keine Debuginformationen vorhanden wõren.
Vektoria_Debug64.lib(WritingChar.obj) : warning LNK4099: PDB "Vektoria.pdb" wurde nicht mit "Vektoria_Debug64.lib(WritingChar.obj)" oder an "C:\Users\Tobias\Documents\GitHub\Offroad-Sim\OffroadDrivingSim\x64\Debug\Vektoria.pdb" gefunden; Objekt wird verkn³pft, als ob keine Debuginformationen vorhanden wõren.
Vektoria_Debug64.lib(WritingChars.obj) : warning LNK4099: PDB "Vektoria.pdb" wurde nicht mit "Vektoria_Debug64.lib(WritingChars.obj)" oder an "C:\Users\Tobias\Documents\GitHub\Offroad-Sim\OffroadDrivingSim\x64\Debug\Vektoria.pdb" gefunden; Objekt wird verkn³pft, als ob keine Debuginformationen vorhanden wõren.
Vektoria_Debug64.lib(WritingFont.obj) : warning LNK4099: PDB "Vektoria.pdb" wurde nicht mit "Vektoria_Debug64.lib(WritingFont.obj)" oder an "C:\Users\Tobias\Documents\GitHub\Offroad-Sim\OffroadDrivingSim\x64\Debug\Vektoria.pdb" gefunden; Objekt wird verkn³pft, als ob keine Debuginformationen vorhanden wõren.
Vektoria_Debug64.lib(Writings.obj) : warning LNK4099: PDB "Vektoria.pdb" wurde nicht mit "Vektoria_Debug64.lib(Writings.obj)" oder an "C:\Users\Tobias\Documents\GitHub\Offroad-Sim\OffroadDrivingSim\x64\Debug\Vektoria.pdb" gefunden; Objekt wird verkn³pft, als ob keine Debuginformationen vorhanden wõren.
VektoriaMath_Debug64.lib(2Vector.obj) : warning LNK4099: PDB "VektoriaMath.pdb" wurde nicht mit "VektoriaMath_Debug64.lib(2Vector.obj)" oder an "C:\Users\Tobias\Documents\GitHub\Offroad-Sim\OffroadDrivingSim\x64\Debug\VektoriaMath.pdb" gefunden; Objekt wird verkn³pft, als ob keine Debuginformationen vorhanden wõren.
VektoriaMath_Debug64.lib(2Vectors.obj) : warning LNK4099: PDB "VektoriaMath.pdb" wurde nicht mit "VektoriaMath_Debug64.lib(2Vectors.obj)" oder an "C:\Users\Tobias\Documents\GitHub\Offroad-Sim\OffroadDrivingSim\x64\Debug\VektoriaMath.pdb" gefunden; Objekt wird verkn³pft, als ob keine Debuginformationen vorhanden wõren.
VektoriaMath_Debug64.lib(AABB.obj) : warning LNK4099: PDB "VektoriaMath.pdb" wurde nicht mit "VektoriaMath_Debug64.lib(AABB.obj)" oder an "C:\Users\Tobias\Documents\GitHub\Offroad-Sim\OffroadDrivingSim\x64\Debug\VektoriaMath.pdb" gefunden; Objekt wird verkn³pft, als ob keine Debuginformationen vorhanden wõren.
VektoriaMath_Debug64.lib(Blob.obj) : warning LNK4099: PDB "VektoriaMath.pdb" wurde nicht mit "VektoriaMath_Debug64.lib(Blob.obj)" oder an "C:\Users\Tobias\Documents\GitHub\Offroad-Sim\OffroadDrivingSim\x64\Debug\VektoriaMath.pdb" gefunden; Objekt wird verkn³pft, als ob keine Debuginformationen vorhanden wõren.
VektoriaMath_Debug64.lib(Blobs.obj) : warning LNK4099: PDB "VektoriaMath.pdb" wurde nicht mit "VektoriaMath_Debug64.lib(Blobs.obj)" oder an "C:\Users\Tobias\Documents\GitHub\Offroad-Sim\OffroadDrivingSim\x64\Debug\VektoriaMath.pdb" gefunden; Objekt wird verkn³pft, als ob keine Debuginformationen vorhanden wõren.
VektoriaMath_Debug64.lib(Color.obj) : warning LNK4099: PDB "VektoriaMath.pdb" wurde nicht mit "VektoriaMath_Debug64.lib(Color.obj)" oder an "C:\Users\Tobias\Documents\GitHub\Offroad-Sim\OffroadDrivingSim\x64\Debug\VektoriaMath.pdb" gefunden; Objekt wird verkn³pft, als ob keine Debuginformationen vorhanden wõren.
VektoriaMath_Debug64.lib(Cut.obj) : warning LNK4099: PDB "VektoriaMath.pdb" wurde nicht mit "VektoriaMath_Debug64.lib(Cut.obj)" oder an "C:\Users\Tobias\Documents\GitHub\Offroad-Sim\OffroadDrivingSim\x64\Debug\VektoriaMath.pdb" gefunden; Objekt wird verkn³pft, als ob keine Debuginformationen vorhanden wõren.
VektoriaMath_Debug64.lib(Cuts.obj) : warning LNK4099: PDB "VektoriaMath.pdb" wurde nicht mit "VektoriaMath_Debug64.lib(Cuts.obj)" oder an "C:\Users\Tobias\Documents\GitHub\Offroad-Sim\OffroadDrivingSim\x64\Debug\VektoriaMath.pdb" gefunden; Objekt wird verkn³pft, als ob keine Debuginformationen vorhanden wõren.
VektoriaMath_Debug64.lib(FloatRect.obj) : warning LNK4099: PDB "VektoriaMath.pdb" wurde nicht mit "VektoriaMath_Debug64.lib(FloatRect.obj)" oder an "C:\Users\Tobias\Documents\GitHub\Offroad-Sim\OffroadDrivingSim\x64\Debug\VektoriaMath.pdb" gefunden; Objekt wird verkn³pft, als ob keine Debuginformationen vorhanden wõren.
VektoriaMath_Debug64.lib(FrustumCasted.obj) : warning LNK4099: PDB "VektoriaMath.pdb" wurde nicht mit "VektoriaMath_Debug64.lib(FrustumCasted.obj)" oder an "C:\Users\Tobias\Documents\GitHub\Offroad-Sim\OffroadDrivingSim\x64\Debug\VektoriaMath.pdb" gefunden; Objekt wird verkn³pft, als ob keine Debuginformationen vorhanden wõren.
VektoriaMath_Debug64.lib(GraphNoise.obj) : warning LNK4099: PDB "VektoriaMath.pdb" wurde nicht mit "VektoriaMath_Debug64.lib(GraphNoise.obj)" oder an "C:\Users\Tobias\Documents\GitHub\Offroad-Sim\OffroadDrivingSim\x64\Debug\VektoriaMath.pdb" gefunden; Objekt wird verkn³pft, als ob keine Debuginformationen vorhanden wõren.
VektoriaMath_Debug64.lib(HMat.obj) : warning LNK4099: PDB "VektoriaMath.pdb" wurde nicht mit "VektoriaMath_Debug64.lib(HMat.obj)" oder an "C:\Users\Tobias\Documents\GitHub\Offroad-Sim\OffroadDrivingSim\x64\Debug\VektoriaMath.pdb" gefunden; Objekt wird verkn³pft, als ob keine Debuginformationen vorhanden wõren.
VektoriaMath_Debug64.lib(HMats.obj) : warning LNK4099: PDB "VektoriaMath.pdb" wurde nicht mit "VektoriaMath_Debug64.lib(HMats.obj)" oder an "C:\Users\Tobias\Documents\GitHub\Offroad-Sim\OffroadDrivingSim\x64\Debug\VektoriaMath.pdb" gefunden; Objekt wird verkn³pft, als ob keine Debuginformationen vorhanden wõren.
VektoriaMath_Debug64.lib(HVector.obj) : warning LNK4099: PDB "VektoriaMath.pdb" wurde nicht mit "VektoriaMath_Debug64.lib(HVector.obj)" oder an "C:\Users\Tobias\Documents\GitHub\Offroad-Sim\OffroadDrivingSim\x64\Debug\VektoriaMath.pdb" gefunden; Objekt wird verkn³pft, als ob keine Debuginformationen vorhanden wõren.
VektoriaMath_Debug64.lib(HVectors.obj) : warning LNK4099: PDB "VektoriaMath.pdb" wurde nicht mit "VektoriaMath_Debug64.lib(HVectors.obj)" oder an "C:\Users\Tobias\Documents\GitHub\Offroad-Sim\OffroadDrivingSim\x64\Debug\VektoriaMath.pdb" gefunden; Objekt wird verkn³pft, als ob keine Debuginformationen vorhanden wõren.
VektoriaMath_Debug64.lib(Perlin.obj) : warning LNK4099: PDB "VektoriaMath.pdb" wurde nicht mit "VektoriaMath_Debug64.lib(Perlin.obj)" oder an "C:\Users\Tobias\Documents\GitHub\Offroad-Sim\OffroadDrivingSim\x64\Debug\VektoriaMath.pdb" gefunden; Objekt wird verkn³pft, als ob keine Debuginformationen vorhanden wõren.
VektoriaMath_Debug64.lib(Plane.obj) : warning LNK4099: PDB "VektoriaMath.pdb" wurde nicht mit "VektoriaMath_Debug64.lib(Plane.obj)" oder an "C:\Users\Tobias\Documents\GitHub\Offroad-Sim\OffroadDrivingSim\x64\Debug\VektoriaMath.pdb" gefunden; Objekt wird verkn³pft, als ob keine Debuginformationen vorhanden wõren.
VektoriaMath_Debug64.lib(Quaternion.obj) : warning LNK4099: PDB "VektoriaMath.pdb" wurde nicht mit "VektoriaMath_Debug64.lib(Quaternion.obj)" oder an "C:\Users\Tobias\Documents\GitHub\Offroad-Sim\OffroadDrivingSim\x64\Debug\VektoriaMath.pdb" gefunden; Objekt wird verkn³pft, als ob keine Debuginformationen vorhanden wõren.
VektoriaMath_Debug64.lib(Random.obj) : warning LNK4099: PDB "VektoriaMath.pdb" wurde nicht mit "VektoriaMath_Debug64.lib(Random.obj)" oder an "C:\Users\Tobias\Documents\GitHub\Offroad-Sim\OffroadDrivingSim\x64\Debug\VektoriaMath.pdb" gefunden; Objekt wird verkn³pft, als ob keine Debuginformationen vorhanden wõren.
VektoriaMath_Debug64.lib(Ray.obj) : warning LNK4099: PDB "VektoriaMath.pdb" wurde nicht mit "VektoriaMath_Debug64.lib(Ray.obj)" oder an "C:\Users\Tobias\Documents\GitHub\Offroad-Sim\OffroadDrivingSim\x64\Debug\VektoriaMath.pdb" gefunden; Objekt wird verkn³pft, als ob keine Debuginformationen vorhanden wõren.
VektoriaMath_Debug64.lib(SineWave.obj) : warning LNK4099: PDB "VektoriaMath.pdb" wurde nicht mit "VektoriaMath_Debug64.lib(SineWave.obj)" oder an "C:\Users\Tobias\Documents\GitHub\Offroad-Sim\OffroadDrivingSim\x64\Debug\VektoriaMath.pdb" gefunden; Objekt wird verkn³pft, als ob keine Debuginformationen vorhanden wõren.
VektoriaMath_Debug64.lib(SineWaves.obj) : warning LNK4099: PDB "VektoriaMath.pdb" wurde nicht mit "VektoriaMath_Debug64.lib(SineWaves.obj)" oder an "C:\Users\Tobias\Documents\GitHub\Offroad-Sim\OffroadDrivingSim\x64\Debug\VektoriaMath.pdb" gefunden; Objekt wird verkn³pft, als ob keine Debuginformationen vorhanden wõren.
  VektoriaApp.vcxproj -> C:\Users\Tobias\Documents\GitHub\Offroad-Sim\OffroadDrivingSim\x64\Debug\VektoriaApp.exe
