  Game.cpp
  C:\Program Files (x86)\Microsoft DirectX SDK (June 2010)\Include\dinput.h: DIRECTINPUT_VERSION undefined. Defaulting to version 0x0800
C:\Users\monix\Documents\Visual Studio 2019\Projects\OffroadDrivingSim\VektoriaApp\gui\GuiUtils.h(15,46): warning C4244: "Argument": Konvertierung von "double" in "const unsigned __int64", möglicher Datenverlust
C:\Users\monix\Documents\Visual Studio 2019\Projects\OffroadDrivingSim\VektoriaApp\Game.cpp(16,12): warning C4244: "Argument": Konvertierung von "time_t" in "unsigned int", möglicher Datenverlust
  GameScene.cpp
  C:\Program Files (x86)\Microsoft DirectX SDK (June 2010)\Include\dinput.h: DIRECTINPUT_VERSION undefined. Defaulting to version 0x0800
C:\Users\monix\Documents\Visual Studio 2019\Projects\OffroadDrivingSim\VektoriaApp\gui\GuiUtils.h(15,46): warning C4244: "Argument": Konvertierung von "double" in "const unsigned __int64", möglicher Datenverlust
C:\Users\monix\Documents\Visual Studio 2019\Projects\OffroadDrivingSim\VektoriaApp\Scenes\GameScene.cpp(86,135): warning C4244: "Argument": Konvertierung von "int" in "float", möglicher Datenverlust
C:\Users\monix\Documents\Visual Studio 2019\Projects\OffroadDrivingSim\VektoriaApp\Scenes\GameScene.cpp(86,94): warning C4244: "Argument": Konvertierung von "int" in "float", möglicher Datenverlust
C:\Users\monix\Documents\Visual Studio 2019\Projects\OffroadDrivingSim\VektoriaApp\Scenes\GameScene.cpp(170,53): warning C4244: "=": Konvertierung von "float" in "unsigned int", möglicher Datenverlust
C:\Users\monix\Documents\Visual Studio 2019\Projects\OffroadDrivingSim\VektoriaApp\Scenes\GameScene.cpp(247,59): warning C4244: "Argument": Konvertierung von "int" in "float", möglicher Datenverlust
  MainMenu.cpp
  C:\Program Files (x86)\Microsoft DirectX SDK (June 2010)\Include\dinput.h: DIRECTINPUT_VERSION undefined. Defaulting to version 0x0800
C:\Users\monix\Documents\Visual Studio 2019\Projects\OffroadDrivingSim\VektoriaApp\gui\GuiUtils.h(15,46): warning C4244: "Argument": Konvertierung von "double" in "const unsigned __int64", möglicher Datenverlust
C:\Users\monix\Documents\Visual Studio 2019\Projects\OffroadDrivingSim\VektoriaApp\Scenes\MainMenu.cpp(248,13): warning C4244: "Argument": Konvertierung von "float" in "const unsigned __int64", möglicher Datenverlust
C:\Users\monix\Documents\Visual Studio 2019\Projects\OffroadDrivingSim\VektoriaApp\Scenes\MainMenu.cpp(249,13): warning C4244: "Argument": Konvertierung von "float" in "const unsigned __int64", möglicher Datenverlust
C:\Users\monix\Documents\Visual Studio 2019\Projects\OffroadDrivingSim\VektoriaApp\Scenes\MainMenu.cpp(299,32): warning C4267: "+=": Konvertierung von "size_t" nach "int", Datenverlust möglich
  ScoreManager.cpp
  C:\Program Files (x86)\Microsoft DirectX SDK (June 2010)\Include\dinput.h: DIRECTINPUT_VERSION undefined. Defaulting to version 0x0800
C:\Users\monix\Documents\Visual Studio 2019\Projects\OffroadDrivingSim\VektoriaApp\ScoreManager.cpp(21,33): warning C4244: "+=": Konvertierung von "float" in "int", möglicher Datenverlust
  SkyManager.cpp
  C:\Program Files (x86)\Microsoft DirectX SDK (June 2010)\Include\dinput.h: DIRECTINPUT_VERSION undefined. Defaulting to version 0x0800
C:\Users\monix\Documents\Visual Studio 2019\Projects\OffroadDrivingSim\VektoriaApp\SkyManager.cpp(17,14): warning C4244: "=": Konvertierung von "int" in "float", möglicher Datenverlust
  VektoriaApp.cpp
  C:\Program Files (x86)\Microsoft DirectX SDK (June 2010)\Include\dinput.h: DIRECTINPUT_VERSION undefined. Defaulting to version 0x0800
C:\Users\monix\Documents\Visual Studio 2019\Projects\OffroadDrivingSim\VektoriaApp\gui\GuiUtils.h(15,46): warning C4244: "Argument": Konvertierung von "double" in "const unsigned __int64", möglicher Datenverlust
  PauseMenu.cpp
  C:\Program Files (x86)\Microsoft DirectX SDK (June 2010)\Include\dinput.h: DIRECTINPUT_VERSION undefined. Defaulting to version 0x0800
C:\Users\monix\Documents\Visual Studio 2019\Projects\OffroadDrivingSim\VektoriaApp\gui\GuiUtils.h(15,46): warning C4244: "Argument": Konvertierung von "double" in "const unsigned __int64", möglicher Datenverlust
  ProgressBar.cpp
  C:\Program Files (x86)\Microsoft DirectX SDK (June 2010)\Include\dinput.h: DIRECTINPUT_VERSION undefined. Defaulting to version 0x0800
  BoostItem.cpp
  C:\Program Files (x86)\Microsoft DirectX SDK (June 2010)\Include\dinput.h: DIRECTINPUT_VERSION undefined. Defaulting to version 0x0800
  HealthItem.cpp
  C:\Program Files (x86)\Microsoft DirectX SDK (June 2010)\Include\dinput.h: DIRECTINPUT_VERSION undefined. Defaulting to version 0x0800
  Item.cpp
  C:\Program Files (x86)\Microsoft DirectX SDK (June 2010)\Include\dinput.h: DIRECTINPUT_VERSION undefined. Defaulting to version 0x0800
  ItemManager.cpp
  C:\Program Files (x86)\Microsoft DirectX SDK (June 2010)\Include\dinput.h: DIRECTINPUT_VERSION undefined. Defaulting to version 0x0800
C:\Users\monix\Documents\Visual Studio 2019\Projects\OffroadDrivingSim\VektoriaApp\items\ItemManager.cpp(5,12): warning C4244: "Argument": Konvertierung von "time_t" in "unsigned int", möglicher Datenverlust
C:\Users\monix\Documents\Visual Studio 2019\Projects\OffroadDrivingSim\VektoriaApp\items\ItemManager.cpp(154,19): warning C4244: "Initialisierung": Konvertierung von "float" in "int", möglicher Datenverlust
C:\Users\monix\Documents\Visual Studio 2019\Projects\OffroadDrivingSim\VektoriaApp\items\ItemManager.cpp(155,20): warning C4244: "Initialisierung": Konvertierung von "float" in "int", möglicher Datenverlust
  DriveController.cpp
  C:\Program Files (x86)\Microsoft DirectX SDK (June 2010)\Include\dinput.h: DIRECTINPUT_VERSION undefined. Defaulting to version 0x0800
C:\Users\monix\Documents\Visual Studio 2019\Projects\OffroadDrivingSim\VektoriaApp\knackCar\DriveController.cpp(71,2): warning C4305: "=": Verkürzung von "double" in "float"
C:\Users\monix\Documents\Visual Studio 2019\Projects\OffroadDrivingSim\VektoriaApp\knackCar\DriveController.cpp(78,2): warning C4305: "=": Verkürzung von "double" in "float"
C:\Users\monix\Documents\Visual Studio 2019\Projects\OffroadDrivingSim\VektoriaApp\knackCar\DriveController.cpp(91,18): warning C4244: "Initialisierung": Konvertierung von "int" in "float", möglicher Datenverlust
C:\Users\monix\Documents\Visual Studio 2019\Projects\OffroadDrivingSim\VektoriaApp\knackCar\DriveController.cpp(199,50): warning C4353: Nicht dem Standard entsprechende Erweiterung: Konstante 0 als Funktionsausdruck. Verwenden Sie stattdessen die systeminterne __noop-Funktion.
C:\Users\monix\Documents\Visual Studio 2019\Projects\OffroadDrivingSim\VektoriaApp\knackCar\DriveController.cpp(202,52): warning C4353: Nicht dem Standard entsprechende Erweiterung: Konstante 0 als Funktionsausdruck. Verwenden Sie stattdessen die systeminterne __noop-Funktion.
C:\Users\monix\Documents\Visual Studio 2019\Projects\OffroadDrivingSim\VektoriaApp\knackCar\DriveController.cpp(206,38): warning C4244: "Argument": Konvertierung von "int" in "float", möglicher Datenverlust
  Vehicle.cpp
  C:\Program Files (x86)\Microsoft DirectX SDK (June 2010)\Include\dinput.h: DIRECTINPUT_VERSION undefined. Defaulting to version 0x0800
C:\Users\monix\Documents\Visual Studio 2019\Projects\OffroadDrivingSim\VektoriaApp\knackCar\Vehicle.cpp(58,29): warning C4305: "Argument": Verkürzung von "double" in "float"
C:\Users\monix\Documents\Visual Studio 2019\Projects\OffroadDrivingSim\VektoriaApp\knackCar\Vehicle.cpp(59,36): warning C4305: "Argument": Verkürzung von "double" in "float"
C:\Users\monix\Documents\Visual Studio 2019\Projects\OffroadDrivingSim\VektoriaApp\knackCar\Vehicle.cpp(85,42): warning C4305: "Argument": Verkürzung von "double" in "float"
C:\Users\monix\Documents\Visual Studio 2019\Projects\OffroadDrivingSim\VektoriaApp\knackCar\Vehicle.cpp(142,29): warning C4305: "Argument": Verkürzung von "double" in "float"
C:\Users\monix\Documents\Visual Studio 2019\Projects\OffroadDrivingSim\VektoriaApp\knackCar\Vehicle.cpp(143,36): warning C4305: "Argument": Verkürzung von "double" in "float"
C:\Users\monix\Documents\Visual Studio 2019\Projects\OffroadDrivingSim\VektoriaApp\knackCar\Vehicle.cpp(226,29): warning C4305: "Argument": Verkürzung von "double" in "float"
C:\Users\monix\Documents\Visual Studio 2019\Projects\OffroadDrivingSim\VektoriaApp\knackCar\Vehicle.cpp(227,36): warning C4305: "Argument": Verkürzung von "double" in "float"
C:\Users\monix\Documents\Visual Studio 2019\Projects\OffroadDrivingSim\VektoriaApp\knackCar\Vehicle.cpp(310,29): warning C4305: "Argument": Verkürzung von "double" in "float"
C:\Users\monix\Documents\Visual Studio 2019\Projects\OffroadDrivingSim\VektoriaApp\knackCar\Vehicle.cpp(311,36): warning C4305: "Argument": Verkürzung von "double" in "float"
C:\Users\monix\Documents\Visual Studio 2019\Projects\OffroadDrivingSim\VektoriaApp\knackCar\Vehicle.cpp(337,42): warning C4305: "Argument": Verkürzung von "double" in "float"
C:\Users\monix\Documents\Visual Studio 2019\Projects\OffroadDrivingSim\VektoriaApp\knackCar\Vehicle.cpp(409,26): warning C4244: "=": Konvertierung von "double" in "float", möglicher Datenverlust
C:\Users\monix\Documents\Visual Studio 2019\Projects\OffroadDrivingSim\VektoriaApp\knackCar\Vehicle.cpp(411,25): warning C4244: "=": Konvertierung von "double" in "float", möglicher Datenverlust
  RoadManager.cpp
  C:\Program Files (x86)\Microsoft DirectX SDK (June 2010)\Include\dinput.h: DIRECTINPUT_VERSION undefined. Defaulting to version 0x0800
C:\Users\monix\Documents\Visual Studio 2019\Projects\OffroadDrivingSim\VektoriaApp\road\RoadManager.cpp(121,56): warning C4244: "Argument": Konvertierung von "int" in "float", möglicher Datenverlust
C:\Users\monix\Documents\Visual Studio 2019\Projects\OffroadDrivingSim\VektoriaApp\road\RoadManager.cpp(138,49): warning C4244: "Argument": Konvertierung von "int" in "float", möglicher Datenverlust
C:\Users\monix\Documents\Visual Studio 2019\Projects\OffroadDrivingSim\VektoriaApp\road\RoadManager.cpp(139,60): warning C4244: "Argument": Konvertierung von "int" in "float", möglicher Datenverlust
C:\Users\monix\Documents\Visual Studio 2019\Projects\OffroadDrivingSim\VektoriaApp\road\RoadManager.cpp(189,48): warning C4305: "Argument": Verkürzung von "double" in "float"
C:\Users\monix\Documents\Visual Studio 2019\Projects\OffroadDrivingSim\VektoriaApp\road\RoadManager.cpp(219,56): warning C4244: "Argument": Konvertierung von "int" in "float", möglicher Datenverlust
  Code wird generiert.
  75 of 371 functions (20.2%) were compiled, the rest were copied from previous compilation.
    15 functions were new in current compilation
    0 functions had inline decision re-evaluated but remain unchanged
  Codegenerierung ist abgeschlossen.
Vektoria_Release64.lib(Knack.obj) : warning LNK4099: PDB "" wurde nicht mit "Vektoria_Release64.lib(Knack.obj)" oder an "" gefunden; Objekt wird verknüpft, als ob keine Debuginformationen vorhanden wären.
Vektoria_Release64.lib(DeviceGameControllers.obj) : warning LNK4099: PDB "Vektoria.pdb" wurde nicht mit "Vektoria_Release64.lib(DeviceGameControllers.obj)" oder an "C:\Users\monix\Documents\Visual Studio 2019\Projects\OffroadDrivingSim\x64\Release\Vektoria.pdb" gefunden; Objekt wird verknüpft, als ob keine Debuginformationen vorhanden wären.
Vektoria_Release64.lib(DeviceCursor.obj) : warning LNK4099: PDB "" wurde nicht mit "Vektoria_Release64.lib(DeviceCursor.obj)" oder an "" gefunden; Objekt wird verknüpft, als ob keine Debuginformationen vorhanden wären.
Vektoria_Release64.lib(DeviceGameController.obj) : warning LNK4099: PDB "Vektoria.pdb" wurde nicht mit "Vektoria_Release64.lib(DeviceGameController.obj)" oder an "C:\Users\monix\Documents\Visual Studio 2019\Projects\OffroadDrivingSim\x64\Release\Vektoria.pdb" gefunden; Objekt wird verknüpft, als ob keine Debuginformationen vorhanden wären.
Vektoria_Release64.lib(DeviceKeyboard.obj) : warning LNK4099: PDB "Vektoria.pdb" wurde nicht mit "Vektoria_Release64.lib(DeviceKeyboard.obj)" oder an "C:\Users\monix\Documents\Visual Studio 2019\Projects\OffroadDrivingSim\x64\Release\Vektoria.pdb" gefunden; Objekt wird verknüpft, als ob keine Debuginformationen vorhanden wären.
Vektoria_Release64.lib(DeviceVRController.obj) : warning LNK4099: PDB "Vektoria.pdb" wurde nicht mit "Vektoria_Release64.lib(DeviceVRController.obj)" oder an "C:\Users\monix\Documents\Visual Studio 2019\Projects\OffroadDrivingSim\x64\Release\Vektoria.pdb" gefunden; Objekt wird verknüpft, als ob keine Debuginformationen vorhanden wären.
Vektoria_Release64.lib(DeviceVRControllers.obj) : warning LNK4099: PDB "Vektoria.pdb" wurde nicht mit "Vektoria_Release64.lib(DeviceVRControllers.obj)" oder an "C:\Users\monix\Documents\Visual Studio 2019\Projects\OffroadDrivingSim\x64\Release\Vektoria.pdb" gefunden; Objekt wird verknüpft, als ob keine Debuginformationen vorhanden wären.
Vektoria_Release64.lib(EmitterParticles.obj) : warning LNK4099: PDB "Vektoria.pdb" wurde nicht mit "Vektoria_Release64.lib(EmitterParticles.obj)" oder an "C:\Users\monix\Documents\Visual Studio 2019\Projects\OffroadDrivingSim\x64\Release\Vektoria.pdb" gefunden; Objekt wird verknüpft, als ob keine Debuginformationen vorhanden wären.
Vektoria_Release64.lib(FileVektoria.obj) : warning LNK4099: PDB "Vektoria.pdb" wurde nicht mit "Vektoria_Release64.lib(FileVektoria.obj)" oder an "C:\Users\monix\Documents\Visual Studio 2019\Projects\OffroadDrivingSim\x64\Release\Vektoria.pdb" gefunden; Objekt wird verknüpft, als ob keine Debuginformationen vorhanden wären.
Vektoria_Release64.lib(GeoDome.obj) : warning LNK4099: PDB "Vektoria.pdb" wurde nicht mit "Vektoria_Release64.lib(GeoDome.obj)" oder an "C:\Users\monix\Documents\Visual Studio 2019\Projects\OffroadDrivingSim\x64\Release\Vektoria.pdb" gefunden; Objekt wird verknüpft, als ob keine Debuginformationen vorhanden wären.
Vektoria_Release64.lib(GeoLineList.obj) : warning LNK4099: PDB "Vektoria.pdb" wurde nicht mit "Vektoria_Release64.lib(GeoLineList.obj)" oder an "C:\Users\monix\Documents\Visual Studio 2019\Projects\OffroadDrivingSim\x64\Release\Vektoria.pdb" gefunden; Objekt wird verknüpft, als ob keine Debuginformationen vorhanden wären.
Vektoria_Release64.lib(GeoPointList.obj) : warning LNK4099: PDB "Vektoria.pdb" wurde nicht mit "Vektoria_Release64.lib(GeoPointList.obj)" oder an "C:\Users\monix\Documents\Visual Studio 2019\Projects\OffroadDrivingSim\x64\Release\Vektoria.pdb" gefunden; Objekt wird verknüpft, als ob keine Debuginformationen vorhanden wären.
Vektoria_Release64.lib(GeoTerrain.obj) : warning LNK4099: PDB "Vektoria.pdb" wurde nicht mit "Vektoria_Release64.lib(GeoTerrain.obj)" oder an "C:\Users\monix\Documents\Visual Studio 2019\Projects\OffroadDrivingSim\x64\Release\Vektoria.pdb" gefunden; Objekt wird verknüpft, als ob keine Debuginformationen vorhanden wären.
Vektoria_Release64.lib(GeoTerrainCreateHeight.obj) : warning LNK4099: PDB "Vektoria.pdb" wurde nicht mit "Vektoria_Release64.lib(GeoTerrainCreateHeight.obj)" oder an "C:\Users\monix\Documents\Visual Studio 2019\Projects\OffroadDrivingSim\x64\Release\Vektoria.pdb" gefunden; Objekt wird verknüpft, als ob keine Debuginformationen vorhanden wären.
Vektoria_Release64.lib(GeoTerrains.obj) : warning LNK4099: PDB "Vektoria.pdb" wurde nicht mit "Vektoria_Release64.lib(GeoTerrains.obj)" oder an "C:\Users\monix\Documents\Visual Studio 2019\Projects\OffroadDrivingSim\x64\Release\Vektoria.pdb" gefunden; Objekt wird verknüpft, als ob keine Debuginformationen vorhanden wären.
Vektoria_Release64.lib(GeoTriangleList.obj) : warning LNK4099: PDB "Vektoria.pdb" wurde nicht mit "Vektoria_Release64.lib(GeoTriangleList.obj)" oder an "C:\Users\monix\Documents\Visual Studio 2019\Projects\OffroadDrivingSim\x64\Release\Vektoria.pdb" gefunden; Objekt wird verknüpft, als ob keine Debuginformationen vorhanden wären.
Vektoria_Release64.lib(GeoTriangleLists.obj) : warning LNK4099: PDB "Vektoria.pdb" wurde nicht mit "Vektoria_Release64.lib(GeoTriangleLists.obj)" oder an "C:\Users\monix\Documents\Visual Studio 2019\Projects\OffroadDrivingSim\x64\Release\Vektoria.pdb" gefunden; Objekt wird verknüpft, als ob keine Debuginformationen vorhanden wären.
Vektoria_Release64.lib(GeoTriangleStrip.obj) : warning LNK4099: PDB "" wurde nicht mit "Vektoria_Release64.lib(GeoTriangleStrip.obj)" oder an "" gefunden; Objekt wird verknüpft, als ob keine Debuginformationen vorhanden wären.
Vektoria_Release64.lib(GeoTriangleTable.obj) : warning LNK4099: PDB "Vektoria.pdb" wurde nicht mit "Vektoria_Release64.lib(GeoTriangleTable.obj)" oder an "C:\Users\monix\Documents\Visual Studio 2019\Projects\OffroadDrivingSim\x64\Release\Vektoria.pdb" gefunden; Objekt wird verknüpft, als ob keine Debuginformationen vorhanden wären.
Vektoria_Release64.lib(GeoTriangleTableIntersects.obj) : warning LNK4099: PDB "Vektoria.pdb" wurde nicht mit "Vektoria_Release64.lib(GeoTriangleTableIntersects.obj)" oder an "C:\Users\monix\Documents\Visual Studio 2019\Projects\OffroadDrivingSim\x64\Release\Vektoria.pdb" gefunden; Objekt wird verknüpft, als ob keine Debuginformationen vorhanden wären.
Vektoria_Release64.lib(GeoWall.obj) : warning LNK4099: PDB "Vektoria.pdb" wurde nicht mit "Vektoria_Release64.lib(GeoWall.obj)" oder an "C:\Users\monix\Documents\Visual Studio 2019\Projects\OffroadDrivingSim\x64\Release\Vektoria.pdb" gefunden; Objekt wird verknüpft, als ob keine Debuginformationen vorhanden wären.
Vektoria_Release64.lib(GeoWalls.obj) : warning LNK4099: PDB "Vektoria.pdb" wurde nicht mit "Vektoria_Release64.lib(GeoWalls.obj)" oder an "C:\Users\monix\Documents\Visual Studio 2019\Projects\OffroadDrivingSim\x64\Release\Vektoria.pdb" gefunden; Objekt wird verknüpft, als ob keine Debuginformationen vorhanden wären.
Vektoria_Release64.lib(GeoWindow.obj) : warning LNK4099: PDB "Vektoria.pdb" wurde nicht mit "Vektoria_Release64.lib(GeoWindow.obj)" oder an "C:\Users\monix\Documents\Visual Studio 2019\Projects\OffroadDrivingSim\x64\Release\Vektoria.pdb" gefunden; Objekt wird verknüpft, als ob keine Debuginformationen vorhanden wären.
Vektoria_Release64.lib(GeoWindowInstance.obj) : warning LNK4099: PDB "" wurde nicht mit "Vektoria_Release64.lib(GeoWindowInstance.obj)" oder an "" gefunden; Objekt wird verknüpft, als ob keine Debuginformationen vorhanden wären.
Vektoria_Release64.lib(GeoWindowInstances.obj) : warning LNK4099: PDB "" wurde nicht mit "Vektoria_Release64.lib(GeoWindowInstances.obj)" oder an "" gefunden; Objekt wird verknüpft, als ob keine Debuginformationen vorhanden wären.
Vektoria_Release64.lib(GeoWing.obj) : warning LNK4099: PDB "" wurde nicht mit "Vektoria_Release64.lib(GeoWing.obj)" oder an "" gefunden; Objekt wird verknüpft, als ob keine Debuginformationen vorhanden wären.
Vektoria_Release64.lib(GeoWings.obj) : warning LNK4099: PDB "Vektoria.pdb" wurde nicht mit "Vektoria_Release64.lib(GeoWings.obj)" oder an "C:\Users\monix\Documents\Visual Studio 2019\Projects\OffroadDrivingSim\x64\Release\Vektoria.pdb" gefunden; Objekt wird verknüpft, als ob keine Debuginformationen vorhanden wären.
Vektoria_Release64.lib(HitPoint.obj) : warning LNK4099: PDB "" wurde nicht mit "Vektoria_Release64.lib(HitPoint.obj)" oder an "" gefunden; Objekt wird verknüpft, als ob keine Debuginformationen vorhanden wären.
Vektoria_Release64.lib(HitPoints.obj) : warning LNK4099: PDB "Vektoria.pdb" wurde nicht mit "Vektoria_Release64.lib(HitPoints.obj)" oder an "C:\Users\monix\Documents\Visual Studio 2019\Projects\OffroadDrivingSim\x64\Release\Vektoria.pdb" gefunden; Objekt wird verknüpft, als ob keine Debuginformationen vorhanden wären.
Vektoria_Release64.lib(LightParallel.obj) : warning LNK4099: PDB "" wurde nicht mit "Vektoria_Release64.lib(LightParallel.obj)" oder an "" gefunden; Objekt wird verknüpft, als ob keine Debuginformationen vorhanden wären.
Vektoria_Release64.lib(LightParallels.obj) : warning LNK4099: PDB "Vektoria.pdb" wurde nicht mit "Vektoria_Release64.lib(LightParallels.obj)" oder an "C:\Users\monix\Documents\Visual Studio 2019\Projects\OffroadDrivingSim\x64\Release\Vektoria.pdb" gefunden; Objekt wird verknüpft, als ob keine Debuginformationen vorhanden wären.
Vektoria_Release64.lib(LightRadial.obj) : warning LNK4099: PDB "" wurde nicht mit "Vektoria_Release64.lib(LightRadial.obj)" oder an "" gefunden; Objekt wird verknüpft, als ob keine Debuginformationen vorhanden wären.
Vektoria_Release64.lib(LightRadials.obj) : warning LNK4099: PDB "Vektoria.pdb" wurde nicht mit "Vektoria_Release64.lib(LightRadials.obj)" oder an "C:\Users\monix\Documents\Visual Studio 2019\Projects\OffroadDrivingSim\x64\Release\Vektoria.pdb" gefunden; Objekt wird verknüpft, als ob keine Debuginformationen vorhanden wären.
Vektoria_Release64.lib(LightSpot.obj) : warning LNK4099: PDB "Vektoria.pdb" wurde nicht mit "Vektoria_Release64.lib(LightSpot.obj)" oder an "C:\Users\monix\Documents\Visual Studio 2019\Projects\OffroadDrivingSim\x64\Release\Vektoria.pdb" gefunden; Objekt wird verknüpft, als ob keine Debuginformationen vorhanden wären.
Vektoria_Release64.lib(LightSpots.obj) : warning LNK4099: PDB "Vektoria.pdb" wurde nicht mit "Vektoria_Release64.lib(LightSpots.obj)" oder an "C:\Users\monix\Documents\Visual Studio 2019\Projects\OffroadDrivingSim\x64\Release\Vektoria.pdb" gefunden; Objekt wird verknüpft, als ob keine Debuginformationen vorhanden wären.
Vektoria_Release64.lib(Node3D.obj) : warning LNK4099: PDB "Vektoria.pdb" wurde nicht mit "Vektoria_Release64.lib(Node3D.obj)" oder an "C:\Users\monix\Documents\Visual Studio 2019\Projects\OffroadDrivingSim\x64\Release\Vektoria.pdb" gefunden; Objekt wird verknüpft, als ob keine Debuginformationen vorhanden wären.
Vektoria_Release64.lib(NodeInstance.obj) : warning LNK4099: PDB "Vektoria.pdb" wurde nicht mit "Vektoria_Release64.lib(NodeInstance.obj)" oder an "C:\Users\monix\Documents\Visual Studio 2019\Projects\OffroadDrivingSim\x64\Release\Vektoria.pdb" gefunden; Objekt wird verknüpft, als ob keine Debuginformationen vorhanden wären.
Vektoria_Release64.lib(Octree.obj) : warning LNK4099: PDB "Vektoria.pdb" wurde nicht mit "Vektoria_Release64.lib(Octree.obj)" oder an "C:\Users\monix\Documents\Visual Studio 2019\Projects\OffroadDrivingSim\x64\Release\Vektoria.pdb" gefunden; Objekt wird verknüpft, als ob keine Debuginformationen vorhanden wären.
Vektoria_Release64.lib(PlacementPhysics.obj) : warning LNK4099: PDB "Vektoria.pdb" wurde nicht mit "Vektoria_Release64.lib(PlacementPhysics.obj)" oder an "C:\Users\monix\Documents\Visual Studio 2019\Projects\OffroadDrivingSim\x64\Release\Vektoria.pdb" gefunden; Objekt wird verknüpft, als ob keine Debuginformationen vorhanden wären.
Vektoria_Release64.lib(RootGlobals.obj) : warning LNK4099: PDB "Vektoria.pdb" wurde nicht mit "Vektoria_Release64.lib(RootGlobals.obj)" oder an "C:\Users\monix\Documents\Visual Studio 2019\Projects\OffroadDrivingSim\x64\Release\Vektoria.pdb" gefunden; Objekt wird verknüpft, als ob keine Debuginformationen vorhanden wären.
Vektoria_Release64.lib(ScenePhysics.obj) : warning LNK4099: PDB "Vektoria.pdb" wurde nicht mit "Vektoria_Release64.lib(ScenePhysics.obj)" oder an "C:\Users\monix\Documents\Visual Studio 2019\Projects\OffroadDrivingSim\x64\Release\Vektoria.pdb" gefunden; Objekt wird verknüpft, als ob keine Debuginformationen vorhanden wären.
Vektoria_Release64.lib(SceneWeather.obj) : warning LNK4099: PDB "" wurde nicht mit "Vektoria_Release64.lib(SceneWeather.obj)" oder an "" gefunden; Objekt wird verknüpft, als ob keine Debuginformationen vorhanden wären.
Vektoria_Release64.lib(Splash.obj) : warning LNK4099: PDB "Vektoria.pdb" wurde nicht mit "Vektoria_Release64.lib(Splash.obj)" oder an "C:\Users\monix\Documents\Visual Studio 2019\Projects\OffroadDrivingSim\x64\Release\Vektoria.pdb" gefunden; Objekt wird verknüpft, als ob keine Debuginformationen vorhanden wären.
Vektoria_Release64.lib(Sprite.obj) : warning LNK4099: PDB "Vektoria.pdb" wurde nicht mit "Vektoria_Release64.lib(Sprite.obj)" oder an "C:\Users\monix\Documents\Visual Studio 2019\Projects\OffroadDrivingSim\x64\Release\Vektoria.pdb" gefunden; Objekt wird verknüpft, als ob keine Debuginformationen vorhanden wären.
Vektoria_Release64.lib(Timer.obj) : warning LNK4099: PDB "Vektoria.pdb" wurde nicht mit "Vektoria_Release64.lib(Timer.obj)" oder an "C:\Users\monix\Documents\Visual Studio 2019\Projects\OffroadDrivingSim\x64\Release\Vektoria.pdb" gefunden; Objekt wird verknüpft, als ob keine Debuginformationen vorhanden wären.
Vektoria_Release64.lib(Audio.obj) : warning LNK4099: PDB "Vektoria.pdb" wurde nicht mit "Vektoria_Release64.lib(Audio.obj)" oder an "C:\Users\monix\Documents\Visual Studio 2019\Projects\OffroadDrivingSim\x64\Release\Vektoria.pdb" gefunden; Objekt wird verknüpft, als ob keine Debuginformationen vorhanden wären.
Vektoria_Release64.lib(Audios.obj) : warning LNK4099: PDB "Vektoria.pdb" wurde nicht mit "Vektoria_Release64.lib(Audios.obj)" oder an "C:\Users\monix\Documents\Visual Studio 2019\Projects\OffroadDrivingSim\x64\Release\Vektoria.pdb" gefunden; Objekt wird verknüpft, als ob keine Debuginformationen vorhanden wären.
Vektoria_Release64.lib(Background.obj) : warning LNK4099: PDB "Vektoria.pdb" wurde nicht mit "Vektoria_Release64.lib(Background.obj)" oder an "C:\Users\monix\Documents\Visual Studio 2019\Projects\OffroadDrivingSim\x64\Release\Vektoria.pdb" gefunden; Objekt wird verknüpft, als ob keine Debuginformationen vorhanden wären.
Vektoria_Release64.lib(Backgrounds.obj) : warning LNK4099: PDB "" wurde nicht mit "Vektoria_Release64.lib(Backgrounds.obj)" oder an "" gefunden; Objekt wird verknüpft, als ob keine Debuginformationen vorhanden wären.
Vektoria_Release64.lib(Camera.obj) : warning LNK4099: PDB "" wurde nicht mit "Vektoria_Release64.lib(Camera.obj)" oder an "" gefunden; Objekt wird verknüpft, als ob keine Debuginformationen vorhanden wären.
Vektoria_Release64.lib(Cameras.obj) : warning LNK4099: PDB "Vektoria.pdb" wurde nicht mit "Vektoria_Release64.lib(Cameras.obj)" oder an "C:\Users\monix\Documents\Visual Studio 2019\Projects\OffroadDrivingSim\x64\Release\Vektoria.pdb" gefunden; Objekt wird verknüpft, als ob keine Debuginformationen vorhanden wären.
Vektoria_Release64.lib(Emitter.obj) : warning LNK4099: PDB "Vektoria.pdb" wurde nicht mit "Vektoria_Release64.lib(Emitter.obj)" oder an "C:\Users\monix\Documents\Visual Studio 2019\Projects\OffroadDrivingSim\x64\Release\Vektoria.pdb" gefunden; Objekt wird verknüpft, als ob keine Debuginformationen vorhanden wären.
Vektoria_Release64.lib(Emitters.obj) : warning LNK4099: PDB "Vektoria.pdb" wurde nicht mit "Vektoria_Release64.lib(Emitters.obj)" oder an "C:\Users\monix\Documents\Visual Studio 2019\Projects\OffroadDrivingSim\x64\Release\Vektoria.pdb" gefunden; Objekt wird verknüpft, als ob keine Debuginformationen vorhanden wären.
Vektoria_Release64.lib(Face.obj) : warning LNK4099: PDB "Vektoria.pdb" wurde nicht mit "Vektoria_Release64.lib(Face.obj)" oder an "C:\Users\monix\Documents\Visual Studio 2019\Projects\OffroadDrivingSim\x64\Release\Vektoria.pdb" gefunden; Objekt wird verknüpft, als ob keine Debuginformationen vorhanden wären.
Vektoria_Release64.lib(Faces.obj) : warning LNK4099: PDB "Vektoria.pdb" wurde nicht mit "Vektoria_Release64.lib(Faces.obj)" oder an "C:\Users\monix\Documents\Visual Studio 2019\Projects\OffroadDrivingSim\x64\Release\Vektoria.pdb" gefunden; Objekt wird verknüpft, als ob keine Debuginformationen vorhanden wären.
Vektoria_Release64.lib(FileWavefront.obj) : warning LNK4099: PDB "Vektoria.pdb" wurde nicht mit "Vektoria_Release64.lib(FileWavefront.obj)" oder an "C:\Users\monix\Documents\Visual Studio 2019\Projects\OffroadDrivingSim\x64\Release\Vektoria.pdb" gefunden; Objekt wird verknüpft, als ob keine Debuginformationen vorhanden wären.
Vektoria_Release64.lib(Frame.obj) : warning LNK4099: PDB "Vektoria.pdb" wurde nicht mit "Vektoria_Release64.lib(Frame.obj)" oder an "C:\Users\monix\Documents\Visual Studio 2019\Projects\OffroadDrivingSim\x64\Release\Vektoria.pdb" gefunden; Objekt wird verknüpft, als ob keine Debuginformationen vorhanden wären.
Vektoria_Release64.lib(Frames.obj) : warning LNK4099: PDB "Vektoria.pdb" wurde nicht mit "Vektoria_Release64.lib(Frames.obj)" oder an "C:\Users\monix\Documents\Visual Studio 2019\Projects\OffroadDrivingSim\x64\Release\Vektoria.pdb" gefunden; Objekt wird verknüpft, als ob keine Debuginformationen vorhanden wären.
Vektoria_Release64.lib(Geo.obj) : warning LNK4099: PDB "Vektoria.pdb" wurde nicht mit "Vektoria_Release64.lib(Geo.obj)" oder an "C:\Users\monix\Documents\Visual Studio 2019\Projects\OffroadDrivingSim\x64\Release\Vektoria.pdb" gefunden; Objekt wird verknüpft, als ob keine Debuginformationen vorhanden wären.
Vektoria_Release64.lib(GeoCube.obj) : warning LNK4099: PDB "Vektoria.pdb" wurde nicht mit "Vektoria_Release64.lib(GeoCube.obj)" oder an "C:\Users\monix\Documents\Visual Studio 2019\Projects\OffroadDrivingSim\x64\Release\Vektoria.pdb" gefunden; Objekt wird verknüpft, als ob keine Debuginformationen vorhanden wären.
Vektoria_Release64.lib(GeoCylinder.obj) : warning LNK4099: PDB "Vektoria.pdb" wurde nicht mit "Vektoria_Release64.lib(GeoCylinder.obj)" oder an "C:\Users\monix\Documents\Visual Studio 2019\Projects\OffroadDrivingSim\x64\Release\Vektoria.pdb" gefunden; Objekt wird verknüpft, als ob keine Debuginformationen vorhanden wären.
Vektoria_Release64.lib(GeoEllipsoid.obj) : warning LNK4099: PDB "" wurde nicht mit "Vektoria_Release64.lib(GeoEllipsoid.obj)" oder an "" gefunden; Objekt wird verknüpft, als ob keine Debuginformationen vorhanden wären.
Vektoria_Release64.lib(GeoQuad.obj) : warning LNK4099: PDB "Vektoria.pdb" wurde nicht mit "Vektoria_Release64.lib(GeoQuad.obj)" oder an "C:\Users\monix\Documents\Visual Studio 2019\Projects\OffroadDrivingSim\x64\Release\Vektoria.pdb" gefunden; Objekt wird verknüpft, als ob keine Debuginformationen vorhanden wären.
Vektoria_Release64.lib(Geos.obj) : warning LNK4099: PDB "Vektoria.pdb" wurde nicht mit "Vektoria_Release64.lib(Geos.obj)" oder an "C:\Users\monix\Documents\Visual Studio 2019\Projects\OffroadDrivingSim\x64\Release\Vektoria.pdb" gefunden; Objekt wird verknüpft, als ob keine Debuginformationen vorhanden wären.
Vektoria_Release64.lib(GeoSweep.obj) : warning LNK4099: PDB "Vektoria.pdb" wurde nicht mit "Vektoria_Release64.lib(GeoSweep.obj)" oder an "C:\Users\monix\Documents\Visual Studio 2019\Projects\OffroadDrivingSim\x64\Release\Vektoria.pdb" gefunden; Objekt wird verknüpft, als ob keine Debuginformationen vorhanden wären.
Vektoria_Release64.lib(Hardware.obj) : warning LNK4099: PDB "Vektoria.pdb" wurde nicht mit "Vektoria_Release64.lib(Hardware.obj)" oder an "C:\Users\monix\Documents\Visual Studio 2019\Projects\OffroadDrivingSim\x64\Release\Vektoria.pdb" gefunden; Objekt wird verknüpft, als ob keine Debuginformationen vorhanden wären.
Vektoria_Release64.lib(Hardwares.obj) : warning LNK4099: PDB "" wurde nicht mit "Vektoria_Release64.lib(Hardwares.obj)" oder an "" gefunden; Objekt wird verknüpft, als ob keine Debuginformationen vorhanden wären.
Vektoria_Release64.lib(Image.obj) : warning LNK4099: PDB "Vektoria.pdb" wurde nicht mit "Vektoria_Release64.lib(Image.obj)" oder an "C:\Users\monix\Documents\Visual Studio 2019\Projects\OffroadDrivingSim\x64\Release\Vektoria.pdb" gefunden; Objekt wird verknüpft, als ob keine Debuginformationen vorhanden wären.
Vektoria_Release64.lib(Light.obj) : warning LNK4099: PDB "Vektoria.pdb" wurde nicht mit "Vektoria_Release64.lib(Light.obj)" oder an "C:\Users\monix\Documents\Visual Studio 2019\Projects\OffroadDrivingSim\x64\Release\Vektoria.pdb" gefunden; Objekt wird verknüpft, als ob keine Debuginformationen vorhanden wären.
Vektoria_Release64.lib(Material.obj) : warning LNK4099: PDB "Vektoria.pdb" wurde nicht mit "Vektoria_Release64.lib(Material.obj)" oder an "C:\Users\monix\Documents\Visual Studio 2019\Projects\OffroadDrivingSim\x64\Release\Vektoria.pdb" gefunden; Objekt wird verknüpft, als ob keine Debuginformationen vorhanden wären.
Vektoria_Release64.lib(Materials.obj) : warning LNK4099: PDB "Vektoria.pdb" wurde nicht mit "Vektoria_Release64.lib(Materials.obj)" oder an "C:\Users\monix\Documents\Visual Studio 2019\Projects\OffroadDrivingSim\x64\Release\Vektoria.pdb" gefunden; Objekt wird verknüpft, als ob keine Debuginformationen vorhanden wären.
Vektoria_Release64.lib(Nodes.obj) : warning LNK4099: PDB "" wurde nicht mit "Vektoria_Release64.lib(Nodes.obj)" oder an "" gefunden; Objekt wird verknüpft, als ob keine Debuginformationen vorhanden wären.
Vektoria_Release64.lib(Overlay.obj) : warning LNK4099: PDB "Vektoria.pdb" wurde nicht mit "Vektoria_Release64.lib(Overlay.obj)" oder an "C:\Users\monix\Documents\Visual Studio 2019\Projects\OffroadDrivingSim\x64\Release\Vektoria.pdb" gefunden; Objekt wird verknüpft, als ob keine Debuginformationen vorhanden wären.
Vektoria_Release64.lib(Overlays.obj) : warning LNK4099: PDB "" wurde nicht mit "Vektoria_Release64.lib(Overlays.obj)" oder an "" gefunden; Objekt wird verknüpft, als ob keine Debuginformationen vorhanden wären.
Vektoria_Release64.lib(Placement.obj) : warning LNK4099: PDB "Vektoria.pdb" wurde nicht mit "Vektoria_Release64.lib(Placement.obj)" oder an "C:\Users\monix\Documents\Visual Studio 2019\Projects\OffroadDrivingSim\x64\Release\Vektoria.pdb" gefunden; Objekt wird verknüpft, als ob keine Debuginformationen vorhanden wären.
Vektoria_Release64.lib(Placements.obj) : warning LNK4099: PDB "" wurde nicht mit "Vektoria_Release64.lib(Placements.obj)" oder an "" gefunden; Objekt wird verknüpft, als ob keine Debuginformationen vorhanden wären.
Vektoria_Release64.lib(Root.obj) : warning LNK4099: PDB "Vektoria.pdb" wurde nicht mit "Vektoria_Release64.lib(Root.obj)" oder an "C:\Users\monix\Documents\Visual Studio 2019\Projects\OffroadDrivingSim\x64\Release\Vektoria.pdb" gefunden; Objekt wird verknüpft, als ob keine Debuginformationen vorhanden wären.
Vektoria_Release64.lib(Scene.obj) : warning LNK4099: PDB "" wurde nicht mit "Vektoria_Release64.lib(Scene.obj)" oder an "" gefunden; Objekt wird verknüpft, als ob keine Debuginformationen vorhanden wären.
Vektoria_Release64.lib(Scenes.obj) : warning LNK4099: PDB "Vektoria.pdb" wurde nicht mit "Vektoria_Release64.lib(Scenes.obj)" oder an "C:\Users\monix\Documents\Visual Studio 2019\Projects\OffroadDrivingSim\x64\Release\Vektoria.pdb" gefunden; Objekt wird verknüpft, als ob keine Debuginformationen vorhanden wären.
Vektoria_Release64.lib(Texture.obj) : warning LNK4099: PDB "Vektoria.pdb" wurde nicht mit "Vektoria_Release64.lib(Texture.obj)" oder an "C:\Users\monix\Documents\Visual Studio 2019\Projects\OffroadDrivingSim\x64\Release\Vektoria.pdb" gefunden; Objekt wird verknüpft, als ob keine Debuginformationen vorhanden wären.
Vektoria_Release64.lib(UtilLogFile.obj) : warning LNK4099: PDB "Vektoria.pdb" wurde nicht mit "Vektoria_Release64.lib(UtilLogFile.obj)" oder an "C:\Users\monix\Documents\Visual Studio 2019\Projects\OffroadDrivingSim\x64\Release\Vektoria.pdb" gefunden; Objekt wird verknüpft, als ob keine Debuginformationen vorhanden wären.
Vektoria_Release64.lib(Vertex.obj) : warning LNK4099: PDB "Vektoria.pdb" wurde nicht mit "Vektoria_Release64.lib(Vertex.obj)" oder an "C:\Users\monix\Documents\Visual Studio 2019\Projects\OffroadDrivingSim\x64\Release\Vektoria.pdb" gefunden; Objekt wird verknüpft, als ob keine Debuginformationen vorhanden wären.
Vektoria_Release64.lib(Vertexs.obj) : warning LNK4099: PDB "Vektoria.pdb" wurde nicht mit "Vektoria_Release64.lib(Vertexs.obj)" oder an "C:\Users\monix\Documents\Visual Studio 2019\Projects\OffroadDrivingSim\x64\Release\Vektoria.pdb" gefunden; Objekt wird verknüpft, als ob keine Debuginformationen vorhanden wären.
Vektoria_Release64.lib(Viewport.obj) : warning LNK4099: PDB "" wurde nicht mit "Vektoria_Release64.lib(Viewport.obj)" oder an "" gefunden; Objekt wird verknüpft, als ob keine Debuginformationen vorhanden wären.
Vektoria_Release64.lib(Viewports.obj) : warning LNK4099: PDB "Vektoria.pdb" wurde nicht mit "Vektoria_Release64.lib(Viewports.obj)" oder an "C:\Users\monix\Documents\Visual Studio 2019\Projects\OffroadDrivingSim\x64\Release\Vektoria.pdb" gefunden; Objekt wird verknüpft, als ob keine Debuginformationen vorhanden wären.
Vektoria_Release64.lib(Node.obj) : warning LNK4099: PDB "" wurde nicht mit "Vektoria_Release64.lib(Node.obj)" oder an "" gefunden; Objekt wird verknüpft, als ob keine Debuginformationen vorhanden wären.
Vektoria_Release64.lib(Wribel.obj) : warning LNK4099: PDB "Vektoria.pdb" wurde nicht mit "Vektoria_Release64.lib(Wribel.obj)" oder an "C:\Users\monix\Documents\Visual Studio 2019\Projects\OffroadDrivingSim\x64\Release\Vektoria.pdb" gefunden; Objekt wird verknüpft, als ob keine Debuginformationen vorhanden wären.
Vektoria_Release64.lib(Wribels.obj) : warning LNK4099: PDB "" wurde nicht mit "Vektoria_Release64.lib(Wribels.obj)" oder an "" gefunden; Objekt wird verknüpft, als ob keine Debuginformationen vorhanden wären.
Vektoria_Release64.lib(Writing.obj) : warning LNK4099: PDB "Vektoria.pdb" wurde nicht mit "Vektoria_Release64.lib(Writing.obj)" oder an "C:\Users\monix\Documents\Visual Studio 2019\Projects\OffroadDrivingSim\x64\Release\Vektoria.pdb" gefunden; Objekt wird verknüpft, als ob keine Debuginformationen vorhanden wären.
Vektoria_Release64.lib(WritingChar.obj) : warning LNK4099: PDB "" wurde nicht mit "Vektoria_Release64.lib(WritingChar.obj)" oder an "" gefunden; Objekt wird verknüpft, als ob keine Debuginformationen vorhanden wären.
Vektoria_Release64.lib(WritingChars.obj) : warning LNK4099: PDB "Vektoria.pdb" wurde nicht mit "Vektoria_Release64.lib(WritingChars.obj)" oder an "C:\Users\monix\Documents\Visual Studio 2019\Projects\OffroadDrivingSim\x64\Release\Vektoria.pdb" gefunden; Objekt wird verknüpft, als ob keine Debuginformationen vorhanden wären.
Vektoria_Release64.lib(WritingFont.obj) : warning LNK4099: PDB "Vektoria.pdb" wurde nicht mit "Vektoria_Release64.lib(WritingFont.obj)" oder an "C:\Users\monix\Documents\Visual Studio 2019\Projects\OffroadDrivingSim\x64\Release\Vektoria.pdb" gefunden; Objekt wird verknüpft, als ob keine Debuginformationen vorhanden wären.
Vektoria_Release64.lib(Writings.obj) : warning LNK4099: PDB "Vektoria.pdb" wurde nicht mit "Vektoria_Release64.lib(Writings.obj)" oder an "C:\Users\monix\Documents\Visual Studio 2019\Projects\OffroadDrivingSim\x64\Release\Vektoria.pdb" gefunden; Objekt wird verknüpft, als ob keine Debuginformationen vorhanden wären.
VektoriaMath_Release64.lib(2Vector.obj) : warning LNK4099: PDB "" wurde nicht mit "VektoriaMath_Release64.lib(2Vector.obj)" oder an "" gefunden; Objekt wird verknüpft, als ob keine Debuginformationen vorhanden wären.
VektoriaMath_Release64.lib(2Vectors.obj) : warning LNK4099: PDB "VektoriaMath.pdb" wurde nicht mit "VektoriaMath_Release64.lib(2Vectors.obj)" oder an "C:\Users\monix\Documents\Visual Studio 2019\Projects\OffroadDrivingSim\x64\Release\VektoriaMath.pdb" gefunden; Objekt wird verknüpft, als ob keine Debuginformationen vorhanden wären.
VektoriaMath_Release64.lib(AABB.obj) : warning LNK4099: PDB "VektoriaMath.pdb" wurde nicht mit "VektoriaMath_Release64.lib(AABB.obj)" oder an "C:\Users\monix\Documents\Visual Studio 2019\Projects\OffroadDrivingSim\x64\Release\VektoriaMath.pdb" gefunden; Objekt wird verknüpft, als ob keine Debuginformationen vorhanden wären.
VektoriaMath_Release64.lib(Blob.obj) : warning LNK4099: PDB "VektoriaMath.pdb" wurde nicht mit "VektoriaMath_Release64.lib(Blob.obj)" oder an "C:\Users\monix\Documents\Visual Studio 2019\Projects\OffroadDrivingSim\x64\Release\VektoriaMath.pdb" gefunden; Objekt wird verknüpft, als ob keine Debuginformationen vorhanden wären.
VektoriaMath_Release64.lib(Blobs.obj) : warning LNK4099: PDB "VektoriaMath.pdb" wurde nicht mit "VektoriaMath_Release64.lib(Blobs.obj)" oder an "C:\Users\monix\Documents\Visual Studio 2019\Projects\OffroadDrivingSim\x64\Release\VektoriaMath.pdb" gefunden; Objekt wird verknüpft, als ob keine Debuginformationen vorhanden wären.
VektoriaMath_Release64.lib(Color.obj) : warning LNK4099: PDB "VektoriaMath.pdb" wurde nicht mit "VektoriaMath_Release64.lib(Color.obj)" oder an "C:\Users\monix\Documents\Visual Studio 2019\Projects\OffroadDrivingSim\x64\Release\VektoriaMath.pdb" gefunden; Objekt wird verknüpft, als ob keine Debuginformationen vorhanden wären.
VektoriaMath_Release64.lib(Cut.obj) : warning LNK4099: PDB "VektoriaMath.pdb" wurde nicht mit "VektoriaMath_Release64.lib(Cut.obj)" oder an "C:\Users\monix\Documents\Visual Studio 2019\Projects\OffroadDrivingSim\x64\Release\VektoriaMath.pdb" gefunden; Objekt wird verknüpft, als ob keine Debuginformationen vorhanden wären.
VektoriaMath_Release64.lib(Cuts.obj) : warning LNK4099: PDB "VektoriaMath.pdb" wurde nicht mit "VektoriaMath_Release64.lib(Cuts.obj)" oder an "C:\Users\monix\Documents\Visual Studio 2019\Projects\OffroadDrivingSim\x64\Release\VektoriaMath.pdb" gefunden; Objekt wird verknüpft, als ob keine Debuginformationen vorhanden wären.
VektoriaMath_Release64.lib(FloatRect.obj) : warning LNK4099: PDB "" wurde nicht mit "VektoriaMath_Release64.lib(FloatRect.obj)" oder an "" gefunden; Objekt wird verknüpft, als ob keine Debuginformationen vorhanden wären.
VektoriaMath_Release64.lib(FrustumCasted.obj) : warning LNK4099: PDB "VektoriaMath.pdb" wurde nicht mit "VektoriaMath_Release64.lib(FrustumCasted.obj)" oder an "C:\Users\monix\Documents\Visual Studio 2019\Projects\OffroadDrivingSim\x64\Release\VektoriaMath.pdb" gefunden; Objekt wird verknüpft, als ob keine Debuginformationen vorhanden wären.
VektoriaMath_Release64.lib(GraphNoise.obj) : warning LNK4099: PDB "" wurde nicht mit "VektoriaMath_Release64.lib(GraphNoise.obj)" oder an "" gefunden; Objekt wird verknüpft, als ob keine Debuginformationen vorhanden wären.
VektoriaMath_Release64.lib(HMat.obj) : warning LNK4099: PDB "VektoriaMath.pdb" wurde nicht mit "VektoriaMath_Release64.lib(HMat.obj)" oder an "C:\Users\monix\Documents\Visual Studio 2019\Projects\OffroadDrivingSim\x64\Release\VektoriaMath.pdb" gefunden; Objekt wird verknüpft, als ob keine Debuginformationen vorhanden wären.
VektoriaMath_Release64.lib(HMats.obj) : warning LNK4099: PDB "VektoriaMath.pdb" wurde nicht mit "VektoriaMath_Release64.lib(HMats.obj)" oder an "C:\Users\monix\Documents\Visual Studio 2019\Projects\OffroadDrivingSim\x64\Release\VektoriaMath.pdb" gefunden; Objekt wird verknüpft, als ob keine Debuginformationen vorhanden wären.
VektoriaMath_Release64.lib(HVector.obj) : warning LNK4099: PDB "VektoriaMath.pdb" wurde nicht mit "VektoriaMath_Release64.lib(HVector.obj)" oder an "C:\Users\monix\Documents\Visual Studio 2019\Projects\OffroadDrivingSim\x64\Release\VektoriaMath.pdb" gefunden; Objekt wird verknüpft, als ob keine Debuginformationen vorhanden wären.
VektoriaMath_Release64.lib(HVectors.obj) : warning LNK4099: PDB "VektoriaMath.pdb" wurde nicht mit "VektoriaMath_Release64.lib(HVectors.obj)" oder an "C:\Users\monix\Documents\Visual Studio 2019\Projects\OffroadDrivingSim\x64\Release\VektoriaMath.pdb" gefunden; Objekt wird verknüpft, als ob keine Debuginformationen vorhanden wären.
VektoriaMath_Release64.lib(Perlin.obj) : warning LNK4099: PDB "VektoriaMath.pdb" wurde nicht mit "VektoriaMath_Release64.lib(Perlin.obj)" oder an "C:\Users\monix\Documents\Visual Studio 2019\Projects\OffroadDrivingSim\x64\Release\VektoriaMath.pdb" gefunden; Objekt wird verknüpft, als ob keine Debuginformationen vorhanden wären.
VektoriaMath_Release64.lib(Plane.obj) : warning LNK4099: PDB "VektoriaMath.pdb" wurde nicht mit "VektoriaMath_Release64.lib(Plane.obj)" oder an "C:\Users\monix\Documents\Visual Studio 2019\Projects\OffroadDrivingSim\x64\Release\VektoriaMath.pdb" gefunden; Objekt wird verknüpft, als ob keine Debuginformationen vorhanden wären.
VektoriaMath_Release64.lib(Quaternion.obj) : warning LNK4099: PDB "VektoriaMath.pdb" wurde nicht mit "VektoriaMath_Release64.lib(Quaternion.obj)" oder an "C:\Users\monix\Documents\Visual Studio 2019\Projects\OffroadDrivingSim\x64\Release\VektoriaMath.pdb" gefunden; Objekt wird verknüpft, als ob keine Debuginformationen vorhanden wären.
VektoriaMath_Release64.lib(Random.obj) : warning LNK4099: PDB "VektoriaMath.pdb" wurde nicht mit "VektoriaMath_Release64.lib(Random.obj)" oder an "C:\Users\monix\Documents\Visual Studio 2019\Projects\OffroadDrivingSim\x64\Release\VektoriaMath.pdb" gefunden; Objekt wird verknüpft, als ob keine Debuginformationen vorhanden wären.
VektoriaMath_Release64.lib(Ray.obj) : warning LNK4099: PDB "VektoriaMath.pdb" wurde nicht mit "VektoriaMath_Release64.lib(Ray.obj)" oder an "C:\Users\monix\Documents\Visual Studio 2019\Projects\OffroadDrivingSim\x64\Release\VektoriaMath.pdb" gefunden; Objekt wird verknüpft, als ob keine Debuginformationen vorhanden wären.
VektoriaMath_Release64.lib(SineWave.obj) : warning LNK4099: PDB "VektoriaMath.pdb" wurde nicht mit "VektoriaMath_Release64.lib(SineWave.obj)" oder an "C:\Users\monix\Documents\Visual Studio 2019\Projects\OffroadDrivingSim\x64\Release\VektoriaMath.pdb" gefunden; Objekt wird verknüpft, als ob keine Debuginformationen vorhanden wären.
VektoriaMath_Release64.lib(SineWaves.obj) : warning LNK4099: PDB "VektoriaMath.pdb" wurde nicht mit "VektoriaMath_Release64.lib(SineWaves.obj)" oder an "C:\Users\monix\Documents\Visual Studio 2019\Projects\OffroadDrivingSim\x64\Release\VektoriaMath.pdb" gefunden; Objekt wird verknüpft, als ob keine Debuginformationen vorhanden wären.
  VektoriaApp.vcxproj -> C:\Users\monix\Documents\Visual Studio 2019\Projects\OffroadDrivingSim\x64\Release\VektoriaApp.exe
